#
# There is insufficient memory for the Java Runtime Environment to continue.
# Native memory allocation (malloc) failed to allocate 15834648 bytes. Error detail: Chunk::new
# Possible reasons:
#   The system is out of physical RAM or swap space
#   This process is running with CompressedOops enabled, and the Java Heap may be blocking the growth of the native heap
# Possible solutions:
#   Reduce memory load on the system
#   Increase physical memory or swap space
#   Check if swap backing store is full
#   Decrease Java heap size (-Xmx/-Xms)
#   Decrease number of Java threads
#   Decrease Java thread stack sizes (-Xss)
#   Set larger code cache with -XX:ReservedCodeCacheSize=
#   JVM is running with Zero Based Compressed Oops mode in which the Java heap is
#     placed in the first 32GB address space. The Java Heap base address is the
#     maximum limit for the native heap growth. Please use -XX:HeapBaseMinAddress
#     to set the Java Heap base and to place the Java Heap above 32GB virtual address.
# This output file may be truncated or incomplete.
#
#  Out of Memory Error (arena.cpp:186), pid=10020, tid=18416
#
# JRE version: OpenJDK Runtime Environment (25.0+36) (build 25+36-3489)
# Java VM: OpenJDK 64-Bit Server VM (25+36-3489, mixed mode, sharing, tiered, compressed oops, compressed class ptrs, g1 gc, windows-amd64)
# No core dump will be written. Minidumps are not enabled by default on client versions of Windows
#

---------------  S U M M A R Y ------------

Command Line: -javaagent:D:\Program Files\JetBrains\IntelliJ IDEA Community Edition 2025.2.4\lib\idea_rt.jar=51805 -Dfile.encoding=UTF-8 -Dsun.stdout.encoding=UTF-8 -Dsun.stderr.encoding=UTF-8 --module-path=C:\Users\hrano\.m2\repository\org\openjfx\javafx-base\21.0.6\javafx-base-21.0.6-win.jar;C:\Users\hrano\.m2\repository\org\openjfx\javafx-fxml\21.0.6\javafx-fxml-21.0.6-win.jar;C:\Users\hrano\.m2\repository\org\openjfx\javafx-graphics\21.0.6\javafx-graphics-21.0.6-win.jar;C:\Users\hrano\.m2\repository\org\openjfx\javafx-controls\21.0.6\javafx-controls-21.0.6-win.jar;C:\Users\hrano\OneDrive\Área de Trabalho\vscode\Java\SistemaCreche\target\classes;C:\Users\hrano\.m2\repository\jakarta\persistence\jakarta.persistence-api\3.1.0\jakarta.persistence-api-3.1.0.jar -Djdk.module.main=com.salo.sistemacreche com.salo.sistemacreche/com.salo.sistemacreche.MainApp

Host: AMD Ryzen 5 5600G with Radeon Graphics         , 12 cores, 15G,  Windows 11 , 64 bit Build 26100 (10.0.26100.6725)
Time: Tue Oct 28 17:41:30 2025 Hora oficial do Brasil elapsed time: 0.354934 seconds (0d 0h 0m 0s)

---------------  T H R E A D  ---------------

Current thread (0x00000215ffe4a320):  JavaThread "C2 CompilerThread1" daemon [_thread_in_native, id=18416, stack(0x0000009954d00000,0x0000009954e00000) (1024K)]


Current CompileTask:
C2:354  320       4       java.util.stream.ReferencePipeline$3$1::accept (20 bytes)

Stack: [0x0000009954d00000,0x0000009954e00000]
Native frames: (J=compiled Java code, j=interpreted, Vv=VM code, C=native code)
V  [jvm.dll+0x7a6a39]  (no source info available)
V  [jvm.dll+0x7727ed]  (no source info available)
V  [jvm.dll+0x965f33]  (no source info available)
V  [jvm.dll+0x968531]  (no source info available)
V  [jvm.dll+0x968c33]  (no source info available)
V  [jvm.dll+0x2fc756]  (no source info available)
V  [jvm.dll+0x111b26]  (no source info available)
V  [jvm.dll+0x111e4e]  (no source info available)
V  [jvm.dll+0x1a0a22]  (no source info available)
V  [jvm.dll+0x3b53c2]  (no source info available)
V  [jvm.dll+0x7ac3cf]  (no source info available)
V  [jvm.dll+0x2c0ac7]  (no source info available)
V  [jvm.dll+0x2bfa8f]  (no source info available)
V  [jvm.dll+0x237b60]  (no source info available)
V  [jvm.dll+0x2cfb56]  (no source info available)
V  [jvm.dll+0x2cddd5]  (no source info available)
V  [jvm.dll+0x48e671]  (no source info available)
V  [jvm.dll+0x90681d]  (no source info available)
V  [jvm.dll+0x7a5015]  (no source info available)
C  [ucrtbase.dll+0x37b0]  (no source info available)
C  [KERNEL32.DLL+0x2e8d7]  (no source info available)
C  [ntdll.dll+0x8c53c]  (no source info available)

Lock stack of current Java thread (top to bottom):


---------------  P R O C E S S  ---------------

Threads class SMR info:
_java_thread_list=0x000002159da0aea0, length=14, elements={
0x00000215fddd0c20, 0x00000215ffe16800, 0x00000215ffe17260, 0x00000215ffe1b320,
0x00000215ffe1cbe0, 0x00000215ffe27bc0, 0x00000215ffe28ec0, 0x00000215ffe2c020,
0x00000215ffe4c360, 0x000002159d8ce8d0, 0x00000215ffe4a320, 0x00000215ffe4cb70,
0x00000215a2aeb8a0, 0x00000215a2aec060
}

Java Threads: ( => current thread )
  0x00000215fddd0c20 JavaThread "main"                              [_thread_in_Java, id=11248, stack(0x0000009953c00000,0x0000009953d00000) (1024K)]
  0x00000215ffe16800 JavaThread "Reference Handler"          daemon [_thread_blocked, id=7160, stack(0x0000009954400000,0x0000009954500000) (1024K)]
  0x00000215ffe17260 JavaThread "Finalizer"                  daemon [_thread_blocked, id=10784, stack(0x0000009954500000,0x0000009954600000) (1024K)]
  0x00000215ffe1b320 JavaThread "Signal Dispatcher"          daemon [_thread_blocked, id=12508, stack(0x0000009954600000,0x0000009954700000) (1024K)]
  0x00000215ffe1cbe0 JavaThread "Attach Listener"            daemon [_thread_blocked, id=9356, stack(0x0000009954700000,0x0000009954800000) (1024K)]
  0x00000215ffe27bc0 JavaThread "Service Thread"             daemon [_thread_blocked, id=18384, stack(0x0000009954800000,0x0000009954900000) (1024K)]
  0x00000215ffe28ec0 JavaThread "Monitor Deflation Thread"   daemon [_thread_blocked, id=15248, stack(0x0000009954900000,0x0000009954a00000) (1024K)]
  0x00000215ffe2c020 JavaThread "C2 CompilerThread0"         daemon [_thread_blocked, id=4132, stack(0x0000009954a00000,0x0000009954b00000) (1024K)]
  0x00000215ffe4c360 JavaThread "C1 CompilerThread0"         daemon [_thread_blocked, id=19552, stack(0x0000009954b00000,0x0000009954c00000) (1024K)]
  0x000002159d8ce8d0 JavaThread "Common-Cleaner"             daemon [_thread_blocked, id=6196, stack(0x0000009954c00000,0x0000009954d00000) (1024K)]
=>0x00000215ffe4a320 JavaThread "C2 CompilerThread1"         daemon [_thread_in_native, id=18416, stack(0x0000009954d00000,0x0000009954e00000) (1024K)]
  0x00000215ffe4cb70 JavaThread "C2 CompilerThread2"         daemon [_thread_in_native, id=3440, stack(0x0000009954e00000,0x0000009954f00000) (1024K)]
  0x00000215a2aeb8a0 JavaThread "Monitor Ctrl-Break"         daemon [_thread_in_native, id=18888, stack(0x0000009954f00000,0x0000009955000000) (1024K)]
  0x00000215a2aec060 JavaThread "Notification Thread"        daemon [_thread_blocked, id=4836, stack(0x0000009955000000,0x0000009955100000) (1024K)]
Total: 14

Other Threads:
  0x00000215ffe05750 VMThread "VM Thread"                           [id=2424, stack(0x0000009954300000,0x0000009954400000) (1024K)]
  0x00000215ffdfae00 WatcherThread "VM Periodic Task Thread"        [id=13044, stack(0x0000009954200000,0x0000009954300000) (1024K)]
  0x00000215fde38df0 WorkerThread "GC Thread#0"                     [id=19492, stack(0x0000009953d00000,0x0000009953e00000) (1024K)]
  0x00000215fde51480 ConcurrentGCThread "G1 Main Marker"            [id=7516, stack(0x0000009953e00000,0x0000009953f00000) (1024K)]
  0x00000215fde52e70 WorkerThread "G1 Conc#0"                       [id=10004, stack(0x0000009953f00000,0x0000009954000000) (1024K)]
  0x00000215ffccfd60 ConcurrentGCThread "G1 Refine#0"               [id=3576, stack(0x0000009954000000,0x0000009954100000) (1024K)]
  0x00000215ffcd0770 ConcurrentGCThread "G1 Service"                [id=19096, stack(0x0000009954100000,0x0000009954200000) (1024K)]
Total: 7

Threads with active compile tasks:
C2 CompilerThread1  426  320       4       java.util.stream.ReferencePipeline$3$1::accept (20 bytes)
C2 CompilerThread2  426  808       4       java.lang.String::startsWith (123 bytes)
Total: 2

VM state: not at safepoint (normal execution)

VM Mutex/Monitor currently owned by a thread: None

Heap address: 0x0000000707400000, size: 3980 MB, Compressed Oops mode: Zero based, Oop shift amount: 3

CDS archive(s) mapped at: [0x000000003a000000-0x000000003add0000-0x000000003add0000), size 14483456, SharedBaseAddress: 0x000000003a000000, ArchiveRelocationMode: 1.
Compressed class space mapped at: 0x000000003b000000-0x000000007b000000, reserved size: 1073741824
UseCompressedClassPointers 1, UseCompactObjectHeaders 0
Narrow klass pointer bits 32, Max shift 3
Narrow klass base: 0x000000003a000000, Narrow klass shift: 0
Encoding Range: [0x000000003a000000 - 0x000000013a000000), (4294967296 bytes)
Klass Range:    [0x000000003a010000 - 0x000000007b000000), (1090453504 bytes)
Klass ID Range:  [65536 - 1090519033) (1090453497)
Protection zone: [0x000000003a000000 - 0x000000003a010000), (65536 bytes)

GC Precious Log:
 CardTable entry size: 512
 Card Set container configuration: InlinePtr #cards 4 size 8 Array Of Cards #cards 16 size 48 Howl #buckets 8 coarsen threshold 3686 Howl Bitmap #cards 512 size 80 coarsen threshold 460 Card regions per heap region 1 cards per card region 4096
 CPUs: 12 total, 12 available
 Memory: 15919M
 Large Page Support: Disabled
 NUMA Support: Disabled
 Compressed Oops: Enabled (Zero based)
 Heap Region Size: 2M
 Heap Min Capacity: 8M
 Heap Initial Capacity: 250M
 Heap Max Capacity: 3980M
 Pre-touch: Disabled
 Parallel Workers: 10
 Concurrent Workers: 3
 Concurrent Refinement Workers: 10
 Periodic GC: Disabled

Heap:
 garbage-first heap   total reserved 4075520K, committed 258048K, used 15507K [0x0000000707400000, 0x0000000800000000)
  region size 2048K, 8 young (16384K), 0 survivors (0K)

Heap Regions: E=young(eden), S=young(survivor), O=old, HS=humongous(starts), HC=humongous(continues), CS=collection set, F=free, TAMS=top-at-mark-start, PB=parsable bottom
|   0|0x0000000707400000, 0x0000000707400000, 0x0000000707600000|  0%| F|  |TAMS 0x0000000707400000| PB 0x0000000707400000| Untracked |  0
|   1|0x0000000707600000, 0x0000000707600000, 0x0000000707800000|  0%| F|  |TAMS 0x0000000707600000| PB 0x0000000707600000| Untracked |  0
|   2|0x0000000707800000, 0x0000000707800000, 0x0000000707a00000|  0%| F|  |TAMS 0x0000000707800000| PB 0x0000000707800000| Untracked |  0
|   3|0x0000000707a00000, 0x0000000707a00000, 0x0000000707c00000|  0%| F|  |TAMS 0x0000000707a00000| PB 0x0000000707a00000| Untracked |  0
|   4|0x0000000707c00000, 0x0000000707c00000, 0x0000000707e00000|  0%| F|  |TAMS 0x0000000707c00000| PB 0x0000000707c00000| Untracked |  0
|   5|0x0000000707e00000, 0x0000000707e00000, 0x0000000708000000|  0%| F|  |TAMS 0x0000000707e00000| PB 0x0000000707e00000| Untracked |  0
|   6|0x0000000708000000, 0x0000000708000000, 0x0000000708200000|  0%| F|  |TAMS 0x0000000708000000| PB 0x0000000708000000| Untracked |  0
|   7|0x0000000708200000, 0x0000000708200000, 0x0000000708400000|  0%| F|  |TAMS 0x0000000708200000| PB 0x0000000708200000| Untracked |  0
|   8|0x0000000708400000, 0x0000000708400000, 0x0000000708600000|  0%| F|  |TAMS 0x0000000708400000| PB 0x0000000708400000| Untracked |  0
|   9|0x0000000708600000, 0x0000000708600000, 0x0000000708800000|  0%| F|  |TAMS 0x0000000708600000| PB 0x0000000708600000| Untracked |  0
|  10|0x0000000708800000, 0x0000000708800000, 0x0000000708a00000|  0%| F|  |TAMS 0x0000000708800000| PB 0x0000000708800000| Untracked |  0
|  11|0x0000000708a00000, 0x0000000708a00000, 0x0000000708c00000|  0%| F|  |TAMS 0x0000000708a00000| PB 0x0000000708a00000| Untracked |  0
|  12|0x0000000708c00000, 0x0000000708c00000, 0x0000000708e00000|  0%| F|  |TAMS 0x0000000708c00000| PB 0x0000000708c00000| Untracked |  0
|  13|0x0000000708e00000, 0x0000000708e00000, 0x0000000709000000|  0%| F|  |TAMS 0x0000000708e00000| PB 0x0000000708e00000| Untracked |  0
|  14|0x0000000709000000, 0x0000000709000000, 0x0000000709200000|  0%| F|  |TAMS 0x0000000709000000| PB 0x0000000709000000| Untracked |  0
|  15|0x0000000709200000, 0x0000000709200000, 0x0000000709400000|  0%| F|  |TAMS 0x0000000709200000| PB 0x0000000709200000| Untracked |  0
|  16|0x0000000709400000, 0x0000000709400000, 0x0000000709600000|  0%| F|  |TAMS 0x0000000709400000| PB 0x0000000709400000| Untracked |  0
|  17|0x0000000709600000, 0x0000000709600000, 0x0000000709800000|  0%| F|  |TAMS 0x0000000709600000| PB 0x0000000709600000| Untracked |  0
|  18|0x0000000709800000, 0x0000000709800000, 0x0000000709a00000|  0%| F|  |TAMS 0x0000000709800000| PB 0x0000000709800000| Untracked |  0
|  19|0x0000000709a00000, 0x0000000709a00000, 0x0000000709c00000|  0%| F|  |TAMS 0x0000000709a00000| PB 0x0000000709a00000| Untracked |  0
|  20|0x0000000709c00000, 0x0000000709c00000, 0x0000000709e00000|  0%| F|  |TAMS 0x0000000709c00000| PB 0x0000000709c00000| Untracked |  0
|  21|0x0000000709e00000, 0x0000000709e00000, 0x000000070a000000|  0%| F|  |TAMS 0x0000000709e00000| PB 0x0000000709e00000| Untracked |  0
|  22|0x000000070a000000, 0x000000070a000000, 0x000000070a200000|  0%| F|  |TAMS 0x000000070a000000| PB 0x000000070a000000| Untracked |  0
|  23|0x000000070a200000, 0x000000070a200000, 0x000000070a400000|  0%| F|  |TAMS 0x000000070a200000| PB 0x000000070a200000| Untracked |  0
|  24|0x000000070a400000, 0x000000070a400000, 0x000000070a600000|  0%| F|  |TAMS 0x000000070a400000| PB 0x000000070a400000| Untracked |  0
|  25|0x000000070a600000, 0x000000070a600000, 0x000000070a800000|  0%| F|  |TAMS 0x000000070a600000| PB 0x000000070a600000| Untracked |  0
|  26|0x000000070a800000, 0x000000070a800000, 0x000000070aa00000|  0%| F|  |TAMS 0x000000070a800000| PB 0x000000070a800000| Untracked |  0
|  27|0x000000070aa00000, 0x000000070aa00000, 0x000000070ac00000|  0%| F|  |TAMS 0x000000070aa00000| PB 0x000000070aa00000| Untracked |  0
|  28|0x000000070ac00000, 0x000000070ac00000, 0x000000070ae00000|  0%| F|  |TAMS 0x000000070ac00000| PB 0x000000070ac00000| Untracked |  0
|  29|0x000000070ae00000, 0x000000070ae00000, 0x000000070b000000|  0%| F|  |TAMS 0x000000070ae00000| PB 0x000000070ae00000| Untracked |  0
|  30|0x000000070b000000, 0x000000070b000000, 0x000000070b200000|  0%| F|  |TAMS 0x000000070b000000| PB 0x000000070b000000| Untracked |  0
|  31|0x000000070b200000, 0x000000070b200000, 0x000000070b400000|  0%| F|  |TAMS 0x000000070b200000| PB 0x000000070b200000| Untracked |  0
|  32|0x000000070b400000, 0x000000070b400000, 0x000000070b600000|  0%| F|  |TAMS 0x000000070b400000| PB 0x000000070b400000| Untracked |  0
|  33|0x000000070b600000, 0x000000070b600000, 0x000000070b800000|  0%| F|  |TAMS 0x000000070b600000| PB 0x000000070b600000| Untracked |  0
|  34|0x000000070b800000, 0x000000070b800000, 0x000000070ba00000|  0%| F|  |TAMS 0x000000070b800000| PB 0x000000070b800000| Untracked |  0
|  35|0x000000070ba00000, 0x000000070ba00000, 0x000000070bc00000|  0%| F|  |TAMS 0x000000070ba00000| PB 0x000000070ba00000| Untracked |  0
|  36|0x000000070bc00000, 0x000000070bc00000, 0x000000070be00000|  0%| F|  |TAMS 0x000000070bc00000| PB 0x000000070bc00000| Untracked |  0
|  37|0x000000070be00000, 0x000000070be00000, 0x000000070c000000|  0%| F|  |TAMS 0x000000070be00000| PB 0x000000070be00000| Untracked |  0
|  38|0x000000070c000000, 0x000000070c000000, 0x000000070c200000|  0%| F|  |TAMS 0x000000070c000000| PB 0x000000070c000000| Untracked |  0
|  39|0x000000070c200000, 0x000000070c200000, 0x000000070c400000|  0%| F|  |TAMS 0x000000070c200000| PB 0x000000070c200000| Untracked |  0
|  40|0x000000070c400000, 0x000000070c400000, 0x000000070c600000|  0%| F|  |TAMS 0x000000070c400000| PB 0x000000070c400000| Untracked |  0
|  41|0x000000070c600000, 0x000000070c600000, 0x000000070c800000|  0%| F|  |TAMS 0x000000070c600000| PB 0x000000070c600000| Untracked |  0
|  42|0x000000070c800000, 0x000000070c800000, 0x000000070ca00000|  0%| F|  |TAMS 0x000000070c800000| PB 0x000000070c800000| Untracked |  0
|  43|0x000000070ca00000, 0x000000070ca00000, 0x000000070cc00000|  0%| F|  |TAMS 0x000000070ca00000| PB 0x000000070ca00000| Untracked |  0
|  44|0x000000070cc00000, 0x000000070cc00000, 0x000000070ce00000|  0%| F|  |TAMS 0x000000070cc00000| PB 0x000000070cc00000| Untracked |  0
|  45|0x000000070ce00000, 0x000000070ce00000, 0x000000070d000000|  0%| F|  |TAMS 0x000000070ce00000| PB 0x000000070ce00000| Untracked |  0
|  46|0x000000070d000000, 0x000000070d000000, 0x000000070d200000|  0%| F|  |TAMS 0x000000070d000000| PB 0x000000070d000000| Untracked |  0
|  47|0x000000070d200000, 0x000000070d200000, 0x000000070d400000|  0%| F|  |TAMS 0x000000070d200000| PB 0x000000070d200000| Untracked |  0
|  48|0x000000070d400000, 0x000000070d400000, 0x000000070d600000|  0%| F|  |TAMS 0x000000070d400000| PB 0x000000070d400000| Untracked |  0
|  49|0x000000070d600000, 0x000000070d600000, 0x000000070d800000|  0%| F|  |TAMS 0x000000070d600000| PB 0x000000070d600000| Untracked |  0
|  50|0x000000070d800000, 0x000000070d800000, 0x000000070da00000|  0%| F|  |TAMS 0x000000070d800000| PB 0x000000070d800000| Untracked |  0
|  51|0x000000070da00000, 0x000000070da00000, 0x000000070dc00000|  0%| F|  |TAMS 0x000000070da00000| PB 0x000000070da00000| Untracked |  0
|  52|0x000000070dc00000, 0x000000070dc00000, 0x000000070de00000|  0%| F|  |TAMS 0x000000070dc00000| PB 0x000000070dc00000| Untracked |  0
|  53|0x000000070de00000, 0x000000070de00000, 0x000000070e000000|  0%| F|  |TAMS 0x000000070de00000| PB 0x000000070de00000| Untracked |  0
|  54|0x000000070e000000, 0x000000070e000000, 0x000000070e200000|  0%| F|  |TAMS 0x000000070e000000| PB 0x000000070e000000| Untracked |  0
|  55|0x000000070e200000, 0x000000070e200000, 0x000000070e400000|  0%| F|  |TAMS 0x000000070e200000| PB 0x000000070e200000| Untracked |  0
|  56|0x000000070e400000, 0x000000070e400000, 0x000000070e600000|  0%| F|  |TAMS 0x000000070e400000| PB 0x000000070e400000| Untracked |  0
|  57|0x000000070e600000, 0x000000070e600000, 0x000000070e800000|  0%| F|  |TAMS 0x000000070e600000| PB 0x000000070e600000| Untracked |  0
|  58|0x000000070e800000, 0x000000070e800000, 0x000000070ea00000|  0%| F|  |TAMS 0x000000070e800000| PB 0x000000070e800000| Untracked |  0
|  59|0x000000070ea00000, 0x000000070ea00000, 0x000000070ec00000|  0%| F|  |TAMS 0x000000070ea00000| PB 0x000000070ea00000| Untracked |  0
|  60|0x000000070ec00000, 0x000000070ec00000, 0x000000070ee00000|  0%| F|  |TAMS 0x000000070ec00000| PB 0x000000070ec00000| Untracked |  0
|  61|0x000000070ee00000, 0x000000070ee00000, 0x000000070f000000|  0%| F|  |TAMS 0x000000070ee00000| PB 0x000000070ee00000| Untracked |  0
|  62|0x000000070f000000, 0x000000070f000000, 0x000000070f200000|  0%| F|  |TAMS 0x000000070f000000| PB 0x000000070f000000| Untracked |  0
|  63|0x000000070f200000, 0x000000070f200000, 0x000000070f400000|  0%| F|  |TAMS 0x000000070f200000| PB 0x000000070f200000| Untracked |  0
|  64|0x000000070f400000, 0x000000070f400000, 0x000000070f600000|  0%| F|  |TAMS 0x000000070f400000| PB 0x000000070f400000| Untracked |  0
|  65|0x000000070f600000, 0x000000070f600000, 0x000000070f800000|  0%| F|  |TAMS 0x000000070f600000| PB 0x000000070f600000| Untracked |  0
|  66|0x000000070f800000, 0x000000070f800000, 0x000000070fa00000|  0%| F|  |TAMS 0x000000070f800000| PB 0x000000070f800000| Untracked |  0
|  67|0x000000070fa00000, 0x000000070fa00000, 0x000000070fc00000|  0%| F|  |TAMS 0x000000070fa00000| PB 0x000000070fa00000| Untracked |  0
|  68|0x000000070fc00000, 0x000000070fc00000, 0x000000070fe00000|  0%| F|  |TAMS 0x000000070fc00000| PB 0x000000070fc00000| Untracked |  0
|  69|0x000000070fe00000, 0x000000070fe00000, 0x0000000710000000|  0%| F|  |TAMS 0x000000070fe00000| PB 0x000000070fe00000| Untracked |  0
|  70|0x0000000710000000, 0x0000000710000000, 0x0000000710200000|  0%| F|  |TAMS 0x0000000710000000| PB 0x0000000710000000| Untracked |  0
|  71|0x0000000710200000, 0x0000000710200000, 0x0000000710400000|  0%| F|  |TAMS 0x0000000710200000| PB 0x0000000710200000| Untracked |  0
|  72|0x0000000710400000, 0x0000000710400000, 0x0000000710600000|  0%| F|  |TAMS 0x0000000710400000| PB 0x0000000710400000| Untracked |  0
|  73|0x0000000710600000, 0x0000000710600000, 0x0000000710800000|  0%| F|  |TAMS 0x0000000710600000| PB 0x0000000710600000| Untracked |  0
|  74|0x0000000710800000, 0x0000000710800000, 0x0000000710a00000|  0%| F|  |TAMS 0x0000000710800000| PB 0x0000000710800000| Untracked |  0
|  75|0x0000000710a00000, 0x0000000710a00000, 0x0000000710c00000|  0%| F|  |TAMS 0x0000000710a00000| PB 0x0000000710a00000| Untracked |  0
|  76|0x0000000710c00000, 0x0000000710c00000, 0x0000000710e00000|  0%| F|  |TAMS 0x0000000710c00000| PB 0x0000000710c00000| Untracked |  0
|  77|0x0000000710e00000, 0x0000000710e00000, 0x0000000711000000|  0%| F|  |TAMS 0x0000000710e00000| PB 0x0000000710e00000| Untracked |  0
|  78|0x0000000711000000, 0x0000000711000000, 0x0000000711200000|  0%| F|  |TAMS 0x0000000711000000| PB 0x0000000711000000| Untracked |  0
|  79|0x0000000711200000, 0x0000000711200000, 0x0000000711400000|  0%| F|  |TAMS 0x0000000711200000| PB 0x0000000711200000| Untracked |  0
|  80|0x0000000711400000, 0x0000000711400000, 0x0000000711600000|  0%| F|  |TAMS 0x0000000711400000| PB 0x0000000711400000| Untracked |  0
|  81|0x0000000711600000, 0x0000000711600000, 0x0000000711800000|  0%| F|  |TAMS 0x0000000711600000| PB 0x0000000711600000| Untracked |  0
|  82|0x0000000711800000, 0x0000000711800000, 0x0000000711a00000|  0%| F|  |TAMS 0x0000000711800000| PB 0x0000000711800000| Untracked |  0
|  83|0x0000000711a00000, 0x0000000711a00000, 0x0000000711c00000|  0%| F|  |TAMS 0x0000000711a00000| PB 0x0000000711a00000| Untracked |  0
|  84|0x0000000711c00000, 0x0000000711c00000, 0x0000000711e00000|  0%| F|  |TAMS 0x0000000711c00000| PB 0x0000000711c00000| Untracked |  0
|  85|0x0000000711e00000, 0x0000000711e00000, 0x0000000712000000|  0%| F|  |TAMS 0x0000000711e00000| PB 0x0000000711e00000| Untracked |  0
|  86|0x0000000712000000, 0x0000000712000000, 0x0000000712200000|  0%| F|  |TAMS 0x0000000712000000| PB 0x0000000712000000| Untracked |  0
|  87|0x0000000712200000, 0x0000000712200000, 0x0000000712400000|  0%| F|  |TAMS 0x0000000712200000| PB 0x0000000712200000| Untracked |  0
|  88|0x0000000712400000, 0x0000000712400000, 0x0000000712600000|  0%| F|  |TAMS 0x0000000712400000| PB 0x0000000712400000| Untracked |  0
|  89|0x0000000712600000, 0x0000000712600000, 0x0000000712800000|  0%| F|  |TAMS 0x0000000712600000| PB 0x0000000712600000| Untracked |  0
|  90|0x0000000712800000, 0x0000000712800000, 0x0000000712a00000|  0%| F|  |TAMS 0x0000000712800000| PB 0x0000000712800000| Untracked |  0
|  91|0x0000000712a00000, 0x0000000712a00000, 0x0000000712c00000|  0%| F|  |TAMS 0x0000000712a00000| PB 0x0000000712a00000| Untracked |  0
|  92|0x0000000712c00000, 0x0000000712c00000, 0x0000000712e00000|  0%| F|  |TAMS 0x0000000712c00000| PB 0x0000000712c00000| Untracked |  0
|  93|0x0000000712e00000, 0x0000000712e00000, 0x0000000713000000|  0%| F|  |TAMS 0x0000000712e00000| PB 0x0000000712e00000| Untracked |  0
|  94|0x0000000713000000, 0x0000000713000000, 0x0000000713200000|  0%| F|  |TAMS 0x0000000713000000| PB 0x0000000713000000| Untracked |  0
|  95|0x0000000713200000, 0x0000000713200000, 0x0000000713400000|  0%| F|  |TAMS 0x0000000713200000| PB 0x0000000713200000| Untracked |  0
|  96|0x0000000713400000, 0x0000000713400000, 0x0000000713600000|  0%| F|  |TAMS 0x0000000713400000| PB 0x0000000713400000| Untracked |  0
|  97|0x0000000713600000, 0x0000000713600000, 0x0000000713800000|  0%| F|  |TAMS 0x0000000713600000| PB 0x0000000713600000| Untracked |  0
|  98|0x0000000713800000, 0x0000000713800000, 0x0000000713a00000|  0%| F|  |TAMS 0x0000000713800000| PB 0x0000000713800000| Untracked |  0
|  99|0x0000000713a00000, 0x0000000713a00000, 0x0000000713c00000|  0%| F|  |TAMS 0x0000000713a00000| PB 0x0000000713a00000| Untracked |  0
| 100|0x0000000713c00000, 0x0000000713c00000, 0x0000000713e00000|  0%| F|  |TAMS 0x0000000713c00000| PB 0x0000000713c00000| Untracked |  0
| 101|0x0000000713e00000, 0x0000000713e00000, 0x0000000714000000|  0%| F|  |TAMS 0x0000000713e00000| PB 0x0000000713e00000| Untracked |  0
| 102|0x0000000714000000, 0x0000000714000000, 0x0000000714200000|  0%| F|  |TAMS 0x0000000714000000| PB 0x0000000714000000| Untracked |  0
| 103|0x0000000714200000, 0x0000000714200000, 0x0000000714400000|  0%| F|  |TAMS 0x0000000714200000| PB 0x0000000714200000| Untracked |  0
| 104|0x0000000714400000, 0x0000000714400000, 0x0000000714600000|  0%| F|  |TAMS 0x0000000714400000| PB 0x0000000714400000| Untracked |  0
| 105|0x0000000714600000, 0x0000000714600000, 0x0000000714800000|  0%| F|  |TAMS 0x0000000714600000| PB 0x0000000714600000| Untracked |  0
| 106|0x0000000714800000, 0x0000000714800000, 0x0000000714a00000|  0%| F|  |TAMS 0x0000000714800000| PB 0x0000000714800000| Untracked |  0
| 107|0x0000000714a00000, 0x0000000714a00000, 0x0000000714c00000|  0%| F|  |TAMS 0x0000000714a00000| PB 0x0000000714a00000| Untracked |  0
| 108|0x0000000714c00000, 0x0000000714c00000, 0x0000000714e00000|  0%| F|  |TAMS 0x0000000714c00000| PB 0x0000000714c00000| Untracked |  0
| 109|0x0000000714e00000, 0x0000000714e00000, 0x0000000715000000|  0%| F|  |TAMS 0x0000000714e00000| PB 0x0000000714e00000| Untracked |  0
| 110|0x0000000715000000, 0x0000000715000000, 0x0000000715200000|  0%| F|  |TAMS 0x0000000715000000| PB 0x0000000715000000| Untracked |  0
| 111|0x0000000715200000, 0x0000000715200000, 0x0000000715400000|  0%| F|  |TAMS 0x0000000715200000| PB 0x0000000715200000| Untracked |  0
| 112|0x0000000715400000, 0x0000000715400000, 0x0000000715600000|  0%| F|  |TAMS 0x0000000715400000| PB 0x0000000715400000| Untracked |  0
| 113|0x0000000715600000, 0x0000000715600000, 0x0000000715800000|  0%| F|  |TAMS 0x0000000715600000| PB 0x0000000715600000| Untracked |  0
| 114|0x0000000715800000, 0x0000000715800000, 0x0000000715a00000|  0%| F|  |TAMS 0x0000000715800000| PB 0x0000000715800000| Untracked |  0
| 115|0x0000000715a00000, 0x0000000715a00000, 0x0000000715c00000|  0%| F|  |TAMS 0x0000000715a00000| PB 0x0000000715a00000| Untracked |  0
| 116|0x0000000715c00000, 0x0000000715c00000, 0x0000000715e00000|  0%| F|  |TAMS 0x0000000715c00000| PB 0x0000000715c00000| Untracked |  0
| 117|0x0000000715e00000, 0x0000000715ff0870, 0x0000000716000000| 96%| E|  |TAMS 0x0000000715e00000| PB 0x0000000715e00000| Complete |  0
| 118|0x0000000716000000, 0x0000000716200000, 0x0000000716200000|100%| E|CS|TAMS 0x0000000716000000| PB 0x0000000716000000| Complete |  0
| 119|0x0000000716200000, 0x0000000716400000, 0x0000000716400000|100%| E|CS|TAMS 0x0000000716200000| PB 0x0000000716200000| Complete |  0
| 120|0x0000000716400000, 0x0000000716600000, 0x0000000716600000|100%| E|CS|TAMS 0x0000000716400000| PB 0x0000000716400000| Complete |  0
| 121|0x0000000716600000, 0x0000000716800000, 0x0000000716800000|100%| E|CS|TAMS 0x0000000716600000| PB 0x0000000716600000| Complete |  0
| 122|0x0000000716800000, 0x0000000716a00000, 0x0000000716a00000|100%| E|CS|TAMS 0x0000000716800000| PB 0x0000000716800000| Complete |  0
| 123|0x0000000716a00000, 0x0000000716c00000, 0x0000000716c00000|100%| E|CS|TAMS 0x0000000716a00000| PB 0x0000000716a00000| Complete |  0
| 124|0x0000000716c00000, 0x0000000716e00000, 0x0000000716e00000|100%| E|CS|TAMS 0x0000000716c00000| PB 0x0000000716c00000| Complete |  0
|1989|0x00000007ffe00000, 0x00000007fff24e30, 0x0000000800000000| 57%| O|  |TAMS 0x00000007ffe00000| PB 0x00000007ffe00000| Untracked |  0

Card table byte_map: [0x00000215fecc0000,0x00000215ff490000] _byte_map_base: 0x00000215fb486000

Marking Bits: (CMBitMap*) 0x00000215fde39580
 Bits: [0x00000215977c0000, 0x000002159b5f0000)

Polling page: 0x00000215fd570000

Metaspace:
Metaspace        used 2217K, committed 2368K, reserved 1114112K
 class space     used 158K, committed 256K, reserved 1048576K

Usage:
  Non-class:      2.01 MB used.
      Class:    158.23 KB used.
       Both:      2.17 MB used.

Virtual space:
  Non-class space:       64.00 MB reserved,       2.06 MB (  3%) committed,  1 nodes.
      Class space:        1.00 GB reserved,     256.00 KB ( <1%) committed,  1 nodes.
             Both:        1.06 GB reserved,       2.31 MB ( <1%) committed. 

Chunk freelists:
   Non-Class:  11.51 MB
       Class:  15.68 MB
        Both:  27.19 MB

MaxMetaspaceSize: unlimited
CompressedClassSpaceSize: 1.00 GB
Initial GC threshold: 21.00 MB
Current GC threshold: 21.00 MB
CDS: on
 - commit_granule_bytes: 65536.
 - commit_granule_words: 8192.
 - virtual_space_node_default_size: 8388608.
 - enlarge_chunks_in_place: 1.
UseCompressedClassPointers 1, UseCompactObjectHeaders 0
Narrow klass pointer bits 32, Max shift 3
Narrow klass base: 0x000000003a000000, Narrow klass shift: 0
Encoding Range: [0x000000003a000000 - 0x000000013a000000), (4294967296 bytes)
Klass Range:    [0x000000003a010000 - 0x000000007b000000), (1090453504 bytes)
Klass ID Range:  [65536 - 1090519033) (1090453497)
Protection zone: [0x000000003a000000 - 0x000000003a010000), (65536 bytes)


Internal statistics:

num_allocs_failed_limit: 0.
num_arena_births: 54.
num_arena_deaths: 0.
num_vsnodes_births: 2.
num_vsnodes_deaths: 0.
num_space_committed: 37.
num_space_uncommitted: 0.
num_chunks_returned_to_freelist: 0.
num_chunks_taken_from_freelist: 80.
num_chunk_merges: 0.
num_chunk_splits: 58.
num_chunks_enlarged: 39.
num_inconsistent_stats: 0.

CodeHeap 'non-profiled nmethods': size=120064Kb used=241Kb max_used=241Kb free=119822Kb
 bounds [0x0000021590280000, 0x00000215904f0000, 0x00000215977c0000]
CodeHeap 'profiled nmethods': size=120000Kb used=952Kb max_used=952Kb free=119047Kb
 bounds [0x00000215887c0000, 0x0000021588a30000, 0x000002158fcf0000]
CodeHeap 'non-nmethods': size=5696Kb used=1341Kb max_used=1362Kb free=4354Kb
 bounds [0x000002158fcf0000, 0x000002158ff60000, 0x0000021590280000]
CodeCache: size=245760Kb, used=2534Kb, max_used=2555Kb, free=243223Kb
 total_blobs=1271, nmethods=807, adapters=367, full_count=0
Compilation: enabled, stopped_count=0, restarted_count=0

Compilation events (20 events):
Event: 0.253 Thread 0x00000215ffe4cb70 nmethod 777 0x00000215902b9008 code [0x00000215902b9100, 0x00000215902b9718]
Event: 0.253 Thread 0x00000215ffe4c360 nmethod 776 0x00000215888a0508 code [0x00000215888a0600, 0x00000215888a8658]
Event: 0.254 Thread 0x00000215ffe4c360  786       3       java.util.ArrayDeque::elementAt (4 bytes)
Event: 0.254 Thread 0x00000215ffe4c360 nmethod 786 0x00000215888a8688 code [0x00000215888a8780, 0x00000215888a8898]
Event: 0.255 Thread 0x00000215ffe4c360  787       3       java.util.Arrays::rangeCheck (74 bytes)
Event: 0.255 Thread 0x00000215ffe4c360 nmethod 787 0x00000215888a8988 code [0x00000215888a8a80, 0x00000215888a97c8]
Event: 0.264 Thread 0x00000215ffe4c360  788       3       jdk.internal.module.Checks::isJavaIdentifier (76 bytes)
Event: 0.264 Thread 0x00000215ffe4c360 nmethod 788 0x00000215888a9808 code [0x00000215888a9900, 0x00000215888aa5c0]
Event: 0.265 Thread 0x00000215ffe4c360  789       3       java.io.InputStream::<init> (5 bytes)
Event: 0.265 Thread 0x00000215ffe4c360 nmethod 789 0x00000215888aa608 code [0x00000215888aa700, 0x00000215888aa860]
Event: 0.271 Thread 0x00000215ffe4cb70  791       4       java.lang.StringBuilder::append (8 bytes)
Event: 0.273 Thread 0x00000215ffe4cb70 nmethod 791 0x00000215902b9b88 code [0x00000215902b9c80, 0x00000215902b9e70]
Event: 0.278 Thread 0x00000215ffe4c360  792       3       jdk.internal.util.ArraysSupport::mismatch (103 bytes)
Event: 0.278 Thread 0x00000215ffe4c360 nmethod 792 0x00000215888aa908 code [0x00000215888aaa00, 0x00000215888aade8]
Event: 0.278 Thread 0x00000215ffe4c360  793       3       jdk.internal.misc.Unsafe::toUnsignedLong (7 bytes)
Event: 0.278 Thread 0x00000215ffe4c360 nmethod 793 0x00000215888aae08 code [0x00000215888aaf00, 0x00000215888aaff8]
Event: 0.278 Thread 0x00000215ffe4cb70  794       4       sun.security.provider.MD5::implCompress (13 bytes)
Event: 0.278 Thread 0x00000215ffe2c020  795       4       sun.security.provider.MD5::implCompress0 (1407 bytes)
Event: 0.279 Thread 0x00000215ffe4cb70 nmethod 794 0x00000215902b9e88 code [0x00000215902b9f80, 0x00000215902ba0b0]
Event: 0.279 Thread 0x00000215ffe4cb70  796       4       java.lang.invoke.VarHandle::checkAccessModeThenIsDirect (29 bytes)

GC Heap Usage History (0 events):
No events

Metaspace Usage History (0 events):
No events

Dll operation events (14 events):
Event: 0.007 Loaded shared library C:\Users\hrano\.jdks\openjdk-25\bin\java.dll
Event: 0.079 Loaded shared library C:\Users\hrano\.jdks\openjdk-25\bin\net.dll
Event: 0.080 Loaded shared library C:\Users\hrano\.jdks\openjdk-25\bin\nio.dll
Event: 0.085 Loaded shared library C:\Users\hrano\.jdks\openjdk-25\bin\zip.dll
Event: 0.153 Loaded shared library C:\Users\hrano\.jdks\openjdk-25\bin\zip.dll
Event: 0.155 Loaded shared library C:\Users\hrano\.jdks\openjdk-25\bin\instrument.dll
Event: 0.253 Loaded shared library C:\Users\hrano\.openjfx\cache\21.0.6+3\amd64\api-ms-win-core-console-l1-1-0.dll
Event: 0.257 Loaded shared library C:\Users\hrano\.openjfx\cache\21.0.6+3\amd64\api-ms-win-core-console-l1-2-0.dll
Event: 0.260 Loaded shared library C:\Users\hrano\.openjfx\cache\21.0.6+3\amd64\api-ms-win-core-datetime-l1-1-0.dll
Event: 0.263 Loaded shared library C:\Users\hrano\.openjfx\cache\21.0.6+3\amd64\api-ms-win-core-debug-l1-1-0.dll
Event: 0.266 Loaded shared library C:\Users\hrano\.openjfx\cache\21.0.6+3\amd64\api-ms-win-core-errorhandling-l1-1-0.dll
Event: 0.270 Loaded shared library C:\Users\hrano\.openjfx\cache\21.0.6+3\amd64\api-ms-win-core-file-l1-1-0.dll
Event: 0.274 Loaded shared library C:\Users\hrano\.openjfx\cache\21.0.6+3\amd64\api-ms-win-core-file-l1-2-0.dll
Event: 0.277 Loaded shared library C:\Users\hrano\.openjfx\cache\21.0.6+3\amd64\api-ms-win-core-file-l2-1-0.dll

Deoptimization events (20 events):
Event: 0.243 Thread 0x00000215fddd0c20 Uncommon trap: trap_request=0xffffff45 fr.pc=0x00000215902b3e20 relative=0x0000000000000220
Event: 0.243 Thread 0x00000215fddd0c20 Uncommon trap: reason=unstable_if action=reinterpret pc=0x00000215902b3e20 method=jdk.internal.util.ArraysSupport.mismatch([BI[BII)I @ 55 c2
Event: 0.243 Thread 0x00000215fddd0c20 DEOPT PACKING pc=0x00000215902b3e20 sp=0x0000009953cfdb80
Event: 0.243 Thread 0x00000215fddd0c20 DEOPT UNPACKING pc=0x000002158fe0f882 sp=0x0000009953cfdb10 mode 2
Event: 0.243 Thread 0x00000215fddd0c20 Uncommon trap: trap_request=0xffffff5e fr.pc=0x000002159029cd68 relative=0x00000000000009e8
Event: 0.243 Thread 0x00000215fddd0c20 Uncommon trap: reason=speculate_class_check action=maybe_recompile pc=0x000002159029cd68 method=java.util.HashMap.putVal(ILjava/lang/Object;Ljava/lang/Object;ZZ)Ljava/lang/Object; @ 56 c2
Event: 0.243 Thread 0x00000215fddd0c20 DEOPT PACKING pc=0x000002159029cd68 sp=0x0000009953cfe510
Event: 0.243 Thread 0x00000215fddd0c20 DEOPT UNPACKING pc=0x000002158fe0f882 sp=0x0000009953cfe370 mode 2
Event: 0.243 Thread 0x00000215fddd0c20 Uncommon trap: trap_request=0xffffff5e fr.pc=0x000002159029cd68 relative=0x00000000000009e8
Event: 0.243 Thread 0x00000215fddd0c20 Uncommon trap: reason=speculate_class_check action=maybe_recompile pc=0x000002159029cd68 method=java.util.HashMap.putVal(ILjava/lang/Object;Ljava/lang/Object;ZZ)Ljava/lang/Object; @ 56 c2
Event: 0.243 Thread 0x00000215fddd0c20 DEOPT PACKING pc=0x000002159029cd68 sp=0x0000009953cfe510
Event: 0.243 Thread 0x00000215fddd0c20 DEOPT UNPACKING pc=0x000002158fe0f882 sp=0x0000009953cfe370 mode 2
Event: 0.246 Thread 0x00000215fddd0c20 Uncommon trap: trap_request=0xffffff5e fr.pc=0x00000215902a5d38 relative=0x00000000000007b8
Event: 0.246 Thread 0x00000215fddd0c20 Uncommon trap: reason=speculate_class_check action=maybe_recompile pc=0x00000215902a5d38 method=java.util.HashMap.putVal(ILjava/lang/Object;Ljava/lang/Object;ZZ)Ljava/lang/Object; @ 152 c2
Event: 0.246 Thread 0x00000215fddd0c20 DEOPT PACKING pc=0x00000215902a5d38 sp=0x0000009953cfe480
Event: 0.246 Thread 0x00000215fddd0c20 DEOPT UNPACKING pc=0x000002158fe0f882 sp=0x0000009953cfe378 mode 2
Event: 0.246 Thread 0x00000215fddd0c20 Uncommon trap: trap_request=0xffffff5e fr.pc=0x00000215902a5d38 relative=0x00000000000007b8
Event: 0.246 Thread 0x00000215fddd0c20 Uncommon trap: reason=speculate_class_check action=maybe_recompile pc=0x00000215902a5d38 method=java.util.HashMap.putVal(ILjava/lang/Object;Ljava/lang/Object;ZZ)Ljava/lang/Object; @ 152 c2
Event: 0.246 Thread 0x00000215fddd0c20 DEOPT PACKING pc=0x00000215902a5d38 sp=0x0000009953cfe490
Event: 0.246 Thread 0x00000215fddd0c20 DEOPT UNPACKING pc=0x000002158fe0f882 sp=0x0000009953cfe388 mode 2

Classes loaded (20 events):
Event: 0.247 Loading class java/util/LinkedHashMap$LinkedKeyIterator
Event: 0.247 Loading class java/util/LinkedHashMap$LinkedKeyIterator done
Event: 0.247 Loading class jdk/internal/event/SecurityProviderServiceEvent
Event: 0.247 Loading class jdk/internal/event/SecurityProviderServiceEvent done
Event: 0.248 Loading class sun/security/provider/MD5
Event: 0.248 Loading class sun/security/provider/DigestBase
Event: 0.248 Loading class sun/security/provider/DigestBase done
Event: 0.248 Loading class sun/security/provider/MD5 done
Event: 0.248 Loading class sun/security/jca/GetInstance$Instance
Event: 0.248 Loading class sun/security/jca/GetInstance$Instance done
Event: 0.248 Loading class java/security/MessageDigest$Delegate
Event: 0.248 Loading class sun/security/util/MessageDigestSpi2
Event: 0.248 Loading class sun/security/util/MessageDigestSpi2 done
Event: 0.248 Loading class java/security/MessageDigest$Delegate done
Event: 0.248 Loading class java/security/MessageDigest$Delegate$CloneableDelegate
Event: 0.248 Loading class java/security/MessageDigest$Delegate$CloneableDelegate done
Event: 0.248 Loading class sun/security/provider/ByteArrayAccess$LE
Event: 0.248 Loading class sun/security/provider/ByteArrayAccess$LE done
Event: 0.249 Loading class sun/security/provider/ByteArrayAccess
Event: 0.250 Loading class sun/security/provider/ByteArrayAccess done

Classes unloaded (0 events):
No events

Classes redefined (0 events):
No events

Internal exceptions (20 events):
Event: 0.123 Thread 0x00000215fddd0c20 Exception <a 'java/lang/NoSuchMethodError'{0x00000007166c92c8}: 'void java.lang.invoke.DirectMethodHandle$Holder.invokeVirtual(java.lang.Object, java.lang.Object)'> (0x00000007166c92c8) 
thrown [s\open\src\hotspot\share\interpreter\linkResolver.cpp, line 804]
Event: 0.126 Thread 0x00000215fddd0c20 Exception <a 'java/lang/NoSuchMethodError'{0x00000007166e7bd8}: 'java.lang.Object java.lang.invoke.DirectMethodHandle$Holder.invokeInterface(java.lang.Object, java.lang.Object, java.lang.Object)'> (0x00000007166e7bd8) 
thrown [s\open\src\hotspot\share\interpreter\linkResolver.cpp, line 804]
Event: 0.147 Thread 0x00000215fddd0c20 Implicit null exception at 0x0000021590290fb3 to 0x0000021590291150
Event: 0.194 Thread 0x00000215fddd0c20 Exception <a 'java/lang/NoSuchMethodError'{0x000000071621b5d8}: 'void java.lang.invoke.DirectMethodHandle$Holder.invokeStatic(java.lang.Object, java.lang.Object, java.lang.Object)'> (0x000000071621b5d8) 
thrown [s\open\src\hotspot\share\interpreter\linkResolver.cpp, line 804]
Event: 0.197 Thread 0x00000215fddd0c20 Exception <a 'java/lang/NoSuchMethodError'{0x000000071624f6b8}: 'java.lang.Object java.lang.invoke.Invokers$Holder.invokeExact_MT(java.lang.Object, java.lang.Object, java.lang.Object, java.lang.Object, java.lang.Object)'> (0x000000071624f6b8) 
thrown [s\open\src\hotspot\share\interpreter\linkResolver.cpp, line 804]
Event: 0.205 Thread 0x00000215a2aeb8a0 Exception <a 'java/lang/ClassNotFoundException'{0x000000071630a9b8}: jdk/net/ExtendedSocketOptions> (0x000000071630a9b8) 
thrown [s\open\src\hotspot\share\classfile\systemDictionary.cpp, line 327]
Event: 0.205 Thread 0x00000215fddd0c20 Exception <a 'java/lang/NoSuchMethodError'{0x00000007162ee0c8}: 'java.lang.Object java.lang.invoke.DirectMethodHandle$Holder.invokeStaticInit(java.lang.Object)'> (0x00000007162ee0c8) 
thrown [s\open\src\hotspot\share\interpreter\linkResolver.cpp, line 804]
Event: 0.206 Thread 0x00000215a2aeb8a0 Exception <a 'java/lang/NoSuchMethodError'{0x000000071630c460}: 'void java.lang.invoke.DirectMethodHandle$Holder.invokeStatic(java.lang.Object, java.lang.Object)'> (0x000000071630c460) 
thrown [s\open\src\hotspot\share\interpreter\linkResolver.cpp, line 804]
Event: 0.206 Thread 0x00000215fddd0c20 Exception <a 'java/lang/NoSuchMethodError'{0x00000007162fd658}: 'void java.lang.invoke.DirectMethodHandle$Holder.invokeStatic(java.lang.Object, java.lang.Object, java.lang.Object, java.lang.Object)'> (0x00000007162fd658) 
thrown [s\open\src\hotspot\share\interpreter\linkResolver.cpp, line 804]
Event: 0.207 Thread 0x00000215fddd0c20 Exception <a 'java/lang/NoSuchMethodError'{0x00000007163fce78}: 'void java.lang.invoke.DirectMethodHandle$Holder.invokeSpecial(java.lang.Object, java.lang.Object, java.lang.Object, java.lang.Object, java.lang.Object)'> (0x00000007163fce78) 
thrown [s\open\src\hotspot\share\interpreter\linkResolver.cpp, line 804]
Event: 0.209 Thread 0x00000215fddd0c20 Exception <a 'java/lang/NoSuchMethodError'{0x0000000716028a88}: 'java.lang.Object java.lang.invoke.Invokers$Holder.invokeExact_MT(java.lang.Object, java.lang.Object, java.lang.Object, java.lang.Object, java.lang.Object, java.lang.Object)'> (0x0000000716028a88) 
thrown [s\open\src\hotspot\share\interpreter\linkResolver.cpp, line 804]
Event: 0.240 Thread 0x00000215fddd0c20 Exception <a 'java/io/IOException'{0x0000000715e656a8}> (0x0000000715e656a8) 
thrown [s\open\src\hotspot\share\prims\jni.cpp, line 516]
Event: 0.254 Thread 0x00000215fddd0c20 Exception <a 'java/io/IOException'{0x0000000715eba4e0}> (0x0000000715eba4e0) 
thrown [s\open\src\hotspot\share\prims\jni.cpp, line 516]
Event: 0.257 Thread 0x00000215fddd0c20 Exception <a 'java/io/IOException'{0x0000000715ec2618}> (0x0000000715ec2618) 
thrown [s\open\src\hotspot\share\prims\jni.cpp, line 516]
Event: 0.261 Thread 0x00000215fddd0c20 Exception <a 'java/io/IOException'{0x0000000715ecad20}> (0x0000000715ecad20) 
thrown [s\open\src\hotspot\share\prims\jni.cpp, line 516]
Event: 0.264 Thread 0x00000215fddd0c20 Exception <a 'java/io/IOException'{0x0000000715ed34b8}> (0x0000000715ed34b8) 
thrown [s\open\src\hotspot\share\prims\jni.cpp, line 516]
Event: 0.267 Thread 0x00000215fddd0c20 Exception <a 'java/io/IOException'{0x0000000715edbc70}> (0x0000000715edbc70) 
thrown [s\open\src\hotspot\share\prims\jni.cpp, line 516]
Event: 0.271 Thread 0x00000215fddd0c20 Exception <a 'java/io/IOException'{0x0000000715ee4c40}> (0x0000000715ee4c40) 
thrown [s\open\src\hotspot\share\prims\jni.cpp, line 516]
Event: 0.275 Thread 0x00000215fddd0c20 Exception <a 'java/io/IOException'{0x0000000715eed330}> (0x0000000715eed330) 
thrown [s\open\src\hotspot\share\prims\jni.cpp, line 516]
Event: 0.278 Thread 0x00000215fddd0c20 Exception <a 'java/io/IOException'{0x0000000715ef5c18}> (0x0000000715ef5c18) 
thrown [s\open\src\hotspot\share\prims\jni.cpp, line 516]

VM Operations (4 events):
Event: 0.141 Executing non-safepoint VM operation: HandshakeAllThreads (Deoptimize)
Event: 0.141 Executing non-safepoint VM operation: HandshakeAllThreads (Deoptimize) done
Event: 0.141 Executing non-safepoint VM operation: HandshakeAllThreads (Deoptimize)
Event: 0.141 Executing non-safepoint VM operation: HandshakeAllThreads (Deoptimize) done

Memory protections (0 events):
No events

Nmethod flushes (0 events):
No events

Events (14 events):
Event: 0.041 Thread 0x00000215fddd0c20 Thread added: 0x00000215fddd0c20
Event: 0.048 Thread 0x00000215fddd0c20 Thread added: 0x00000215ffe16800
Event: 0.049 Thread 0x00000215fddd0c20 Thread added: 0x00000215ffe17260
Event: 0.049 Thread 0x00000215fddd0c20 Thread added: 0x00000215ffe1b320
Event: 0.049 Thread 0x00000215fddd0c20 Thread added: 0x00000215ffe1cbe0
Event: 0.049 Thread 0x00000215fddd0c20 Thread added: 0x00000215ffe27bc0
Event: 0.049 Thread 0x00000215fddd0c20 Thread added: 0x00000215ffe28ec0
Event: 0.049 Thread 0x00000215fddd0c20 Thread added: 0x00000215ffe2c020
Event: 0.049 Thread 0x00000215fddd0c20 Thread added: 0x00000215ffe4c360
Event: 0.077 Thread 0x00000215fddd0c20 Thread added: 0x000002159d8ce8d0
Event: 0.107 Thread 0x00000215ffe4c360 Thread added: 0x00000215ffe4a320
Event: 0.108 Thread 0x00000215ffe4c360 Thread added: 0x00000215ffe4cb70
Event: 0.198 Thread 0x00000215fddd0c20 Thread added: 0x00000215a2aeb8a0
Event: 0.198 Thread 0x00000215fddd0c20 Thread added: 0x00000215a2aec060


Dynamic libraries:
0x00007ff6ee270000 - 0x00007ff6ee27e000 	C:\Users\hrano\.jdks\openjdk-25\bin\java.exe
0x00007ff872620000 - 0x00007ff872888000 	C:\WINDOWS\SYSTEM32\ntdll.dll
0x00007ff870660000 - 0x00007ff870729000 	C:\WINDOWS\System32\KERNEL32.DLL
0x00007ff86fdd0000 - 0x00007ff8701c2000 	C:\WINDOWS\System32\KERNELBASE.dll
0x00007ff86fb10000 - 0x00007ff86fc5b000 	C:\WINDOWS\System32\ucrtbase.dll
0x00007ff868ea0000 - 0x00007ff868eb7000 	C:\Users\hrano\.jdks\openjdk-25\bin\jli.dll
0x00007ff864300000 - 0x00007ff86431e000 	C:\Users\hrano\.jdks\openjdk-25\bin\VCRUNTIME140.dll
0x00007ff870f00000 - 0x00007ff8710c5000 	C:\WINDOWS\System32\USER32.dll
0x00007ff870290000 - 0x00007ff8702b7000 	C:\WINDOWS\System32\win32u.dll
0x00007ff85f4a0000 - 0x00007ff85f733000 	C:\WINDOWS\WinSxS\amd64_microsoft.windows.common-controls_6595b64144ccf1df_6.0.26100.6899_none_3e0efeeae32e88c1\COMCTL32.dll
0x00007ff8703f0000 - 0x00007ff87041b000 	C:\WINDOWS\System32\GDI32.dll
0x00007ff871c30000 - 0x00007ff871cd9000 	C:\WINDOWS\System32\msvcrt.dll
0x00007ff8702c0000 - 0x00007ff8703ed000 	C:\WINDOWS\System32\gdi32full.dll
0x00007ff86fa60000 - 0x00007ff86fb03000 	C:\WINDOWS\System32\msvcp_win.dll
0x00007ff871ce0000 - 0x00007ff871d0f000 	C:\WINDOWS\System32\IMM32.DLL
0x00007ff864b60000 - 0x00007ff864b6c000 	C:\Users\hrano\.jdks\openjdk-25\bin\vcruntime140_1.dll
0x00007ff835750000 - 0x00007ff8357dd000 	C:\Users\hrano\.jdks\openjdk-25\bin\msvcp140.dll
0x00007ff804350000 - 0x00007ff8051af000 	C:\Users\hrano\.jdks\openjdk-25\bin\server\jvm.dll
0x00007ff872520000 - 0x00007ff8725d4000 	C:\WINDOWS\System32\ADVAPI32.dll
0x00007ff870420000 - 0x00007ff8704c6000 	C:\WINDOWS\System32\sechost.dll
0x00007ff870540000 - 0x00007ff870658000 	C:\WINDOWS\System32\RPCRT4.dll
0x00007ff870e80000 - 0x00007ff870ef4000 	C:\WINDOWS\System32\WS2_32.dll
0x00007ff86f610000 - 0x00007ff86f66e000 	C:\WINDOWS\SYSTEM32\POWRPROF.dll
0x00007ff866790000 - 0x00007ff86679b000 	C:\WINDOWS\SYSTEM32\VERSION.dll
0x00007ff85ce40000 - 0x00007ff85ce75000 	C:\WINDOWS\SYSTEM32\WINMM.dll
0x00007ff86f5f0000 - 0x00007ff86f604000 	C:\WINDOWS\SYSTEM32\UMPDC.dll
0x00007ff86e540000 - 0x00007ff86e55b000 	C:\WINDOWS\SYSTEM32\kernel.appcore.dll
0x00007ff864250000 - 0x00007ff86425a000 	C:\Users\hrano\.jdks\openjdk-25\bin\jimage.dll
0x00007ff866e40000 - 0x00007ff867082000 	C:\WINDOWS\SYSTEM32\DBGHELP.DLL
0x00007ff870b00000 - 0x00007ff870e7b000 	C:\WINDOWS\System32\combase.dll
0x00007ff8714a0000 - 0x00007ff871577000 	C:\WINDOWS\System32\OLEAUT32.dll
0x00007ff8643d0000 - 0x00007ff86440c000 	C:\WINDOWS\SYSTEM32\dbgcore.DLL
0x00007ff86f7b0000 - 0x00007ff86f848000 	C:\WINDOWS\System32\bcryptPrimitives.dll
0x00007ff869800000 - 0x00007ff869810000 	C:\Users\hrano\.jdks\openjdk-25\bin\instrument.dll
0x00007ff864230000 - 0x00007ff86424f000 	C:\Users\hrano\.jdks\openjdk-25\bin\java.dll
0x00007ff870730000 - 0x00007ff8708c8000 	C:\WINDOWS\System32\ole32.dll
0x00007ff871d40000 - 0x00007ff87248d000 	C:\WINDOWS\System32\SHELL32.dll
0x00007ff86fc60000 - 0x00007ff86fdcb000 	C:\WINDOWS\System32\wintypes.dll
0x00007ff86d3e0000 - 0x00007ff86dc3d000 	C:\WINDOWS\SYSTEM32\windows.storage.dll
0x00007ff871140000 - 0x00007ff871232000 	C:\WINDOWS\System32\SHCORE.dll
0x00007ff8710d0000 - 0x00007ff871132000 	C:\WINDOWS\System32\shlwapi.dll
0x00007ff86f6d0000 - 0x00007ff86f6f9000 	C:\WINDOWS\SYSTEM32\profapi.dll
0x00007ff864210000 - 0x00007ff864222000 	C:\Users\hrano\.jdks\openjdk-25\bin\net.dll
0x00007ff86ea90000 - 0x00007ff86eafb000 	C:\WINDOWS\system32\mswsock.dll
0x00007ff85cce0000 - 0x00007ff85ccf6000 	C:\Users\hrano\.jdks\openjdk-25\bin\nio.dll
0x00007ff858140000 - 0x00007ff858157000 	C:\Users\hrano\.jdks\openjdk-25\bin\zip.dll
0x000002159de70000 - 0x000002159de73000 	C:\Users\hrano\.openjfx\cache\21.0.6+3\amd64\api-ms-win-core-console-l1-1-0.dll
0x000002159de80000 - 0x000002159de83000 	C:\Users\hrano\.openjfx\cache\21.0.6+3\amd64\api-ms-win-core-console-l1-2-0.dll
0x000002159de60000 - 0x000002159de63000 	C:\Users\hrano\.openjfx\cache\21.0.6+3\amd64\api-ms-win-core-datetime-l1-1-0.dll
0x000002159de90000 - 0x000002159de93000 	C:\Users\hrano\.openjfx\cache\21.0.6+3\amd64\api-ms-win-core-debug-l1-1-0.dll
0x000002159dea0000 - 0x000002159dea3000 	C:\Users\hrano\.openjfx\cache\21.0.6+3\amd64\api-ms-win-core-errorhandling-l1-1-0.dll
0x000002159deb0000 - 0x000002159deb4000 	C:\Users\hrano\.openjfx\cache\21.0.6+3\amd64\api-ms-win-core-file-l1-1-0.dll
0x000002159dec0000 - 0x000002159dec3000 	C:\Users\hrano\.openjfx\cache\21.0.6+3\amd64\api-ms-win-core-file-l1-2-0.dll
0x000002159ded0000 - 0x000002159ded3000 	C:\Users\hrano\.openjfx\cache\21.0.6+3\amd64\api-ms-win-core-file-l2-1-0.dll
0x000002159dc20000 - 0x000002159dc23000 	C:\Users\hrano\.openjfx\cache\21.0.6+3\amd64\api-ms-win-core-handle-l1-1-0.dll
0x000002159dc30000 - 0x000002159dc33000 	C:\Users\hrano\.openjfx\cache\21.0.6+3\amd64\api-ms-win-core-heap-l1-1-0.dll
0x000002159dc40000 - 0x000002159dc43000 	C:\Users\hrano\.openjfx\cache\21.0.6+3\amd64\api-ms-win-core-interlocked-l1-1-0.dll
0x000002159dc50000 - 0x000002159dc53000 	C:\Users\hrano\.openjfx\cache\21.0.6+3\amd64\api-ms-win-core-libraryloader-l1-1-0.dll
0x000002159dc60000 - 0x000002159dc63000 	C:\Users\hrano\.openjfx\cache\21.0.6+3\amd64\api-ms-win-core-localization-l1-2-0.dll
0x000002159dc70000 - 0x000002159dc73000 	C:\Users\hrano\.openjfx\cache\21.0.6+3\amd64\api-ms-win-core-memory-l1-1-0.dll

JVMTI agents:
D:\Program Files\JetBrains\IntelliJ IDEA Community Edition 2025.2.4\lib\idea_rt.jar path:C:\Users\hrano\.jdks\openjdk-25\bin\instrument.dll, loaded, initialized, instrumentlib options:51805

dbghelp: loaded successfully - version: 4.0.5 - missing functions: none
symbol engine: initialized successfully - sym options: 0x614 - pdb path: .;C:\Users\hrano\.jdks\openjdk-25\bin;C:\WINDOWS\SYSTEM32;C:\WINDOWS\WinSxS\amd64_microsoft.windows.common-controls_6595b64144ccf1df_6.0.26100.6899_none_3e0efeeae32e88c1;C:\Users\hrano\.jdks\openjdk-25\bin\server;C:\Users\hrano\.openjfx\cache\21.0.6+3\amd64

VM Arguments:
jvm_args: -javaagent:D:\Program Files\JetBrains\IntelliJ IDEA Community Edition 2025.2.4\lib\idea_rt.jar=51805 -Dfile.encoding=UTF-8 -Dsun.stdout.encoding=UTF-8 -Dsun.stderr.encoding=UTF-8 --module-path=C:\Users\hrano\.m2\repository\org\openjfx\javafx-base\21.0.6\javafx-base-21.0.6-win.jar;C:\Users\hrano\.m2\repository\org\openjfx\javafx-fxml\21.0.6\javafx-fxml-21.0.6-win.jar;C:\Users\hrano\.m2\repository\org\openjfx\javafx-graphics\21.0.6\javafx-graphics-21.0.6-win.jar;C:\Users\hrano\.m2\repository\org\openjfx\javafx-controls\21.0.6\javafx-controls-21.0.6-win.jar;C:\Users\hrano\OneDrive\Área de Trabalho\vscode\Java\SistemaCreche\target\classes;C:\Users\hrano\.m2\repository\jakarta\persistence\jakarta.persistence-api\3.1.0\jakarta.persistence-api-3.1.0.jar -Djdk.module.main=com.salo.sistemacreche 
java_command: com.salo.sistemacreche/com.salo.sistemacreche.MainApp
java_class_path (initial): C:\Users\hrano\.m2\repository\org\openjfx\javafx-controls\21.0.6\javafx-controls-21.0.6.jar;C:\Users\hrano\.m2\repository\org\openjfx\javafx-graphics\21.0.6\javafx-graphics-21.0.6.jar;C:\Users\hrano\.m2\repository\org\openjfx\javafx-base\21.0.6\javafx-base-21.0.6.jar;C:\Users\hrano\.m2\repository\org\openjfx\javafx-fxml\21.0.6\javafx-fxml-21.0.6.jar;C:\Users\hrano\.m2\repository\org\hibernate\orm\hibernate-core\6.4.4.Final\hibernate-core-6.4.4.Final.jar;C:\Users\hrano\.m2\repository\jakarta\transaction\jakarta.transaction-api\2.0.1\jakarta.transaction-api-2.0.1.jar;C:\Users\hrano\.m2\repository\org\jboss\logging\jboss-logging\3.5.0.Final\jboss-logging-3.5.0.Final.jar;C:\Users\hrano\.m2\repository\org\hibernate\common\hibernate-commons-annotations\6.0.6.Final\hibernate-commons-annotations-6.0.6.Final.jar;C:\Users\hrano\.m2\repository\io\smallrye\jandex\3.1.2\jandex-3.1.2.jar;C:\Users\hrano\.m2\repository\com\fasterxml\classmate\1.5.1\classmate-1.5.1.jar;C:\Users\hrano\.m2\repository\net\bytebuddy\byte-buddy\1.14.11\byte-buddy-1.14.11.jar;C:\Users\hrano\.m2\repository\jakarta\xml\bind\jakarta.xml.bind-api\4.0.0\jakarta.xml.bind-api-4.0.0.jar;C:\Users\hrano\.m2\repository\jakarta\activation\jakarta.activation-api\2.1.0\jakarta.activation-api-2.1.0.jar;C:\Users\hrano\.m2\repository\org\glassfish\jaxb\jaxb-runtime\4.0.2\jaxb-runtime-4.0.2.jar;C:\Users\hrano\.m2\repository\org\glassfish\jaxb\jaxb-core\4.0.2\jaxb-core-4.0.2.jar;C:\Users\hrano\.m2\repository\org\eclipse\angus\angus-activation\2.0.0\angus-activation-2.0.0.jar;C:\Users\hrano\.m2\repository\org\glassfish\jaxb\txw2\4.0.2\txw2-4.0.2.jar;C:\Users\hrano\.m2\repository\com\sun\istack\istack-commons-runtime\4.1.1\istack-commons-runtime-4.1.1.jar;C:\Users\hrano\.m2\repository\jakarta\inject\jakarta.inject-api\2.0.1\jakarta.inject-api-2.0.1.jar;C:\Users\hrano\.m2\repository\org\antlr\antlr4-runtime\4.13.0\antlr4-runtime-4.13.0.jar;C:\Users\hrano\.m2\repository\com\mysql\mysql-connector-j\8.0.33\mysql-connector-j-8.0.33.jar;C:\Users\hrano\.m2\repository\com\google\protobuf\protobuf-java\3.21.9\protobuf-java-3.21.9.jar
Launcher Type: SUN_STANDARD

[Global flags]
     intx CICompilerCount                          = 4                                         {product} {ergonomic}
     uint ConcGCThreads                            = 3                                         {product} {ergonomic}
     uint G1ConcRefinementThreads                  = 10                                        {product} {ergonomic}
   size_t G1HeapRegionSize                         = 2097152                                   {product} {ergonomic}
   size_t InitialHeapSize                          = 262144000                                 {product} {ergonomic}
   size_t MarkStackSize                            = 4194304                                   {product} {ergonomic}
   size_t MarkStackSizeMax                         = 536870912                                 {product} {ergonomic}
   size_t MaxHeapSize                              = 4173332480                                {product} {ergonomic}
   size_t MaxNewSize                               = 2503999488                                {product} {ergonomic}
   size_t MinHeapDeltaBytes                        = 2097152                                   {product} {ergonomic}
   size_t MinHeapSize                              = 8388608                                   {product} {ergonomic}
    uintx NonNMethodCodeHeapSize                   = 5832704                                {pd product} {ergonomic}
    uintx NonProfiledCodeHeapSize                  = 122945536                              {pd product} {ergonomic}
    uintx ProfiledCodeHeapSize                     = 122880000                              {pd product} {ergonomic}
    uintx ReservedCodeCacheSize                    = 251658240                              {pd product} {ergonomic}
     bool SegmentedCodeCache                       = true                                      {product} {ergonomic}
   size_t SoftMaxHeapSize                          = 4173332480                             {manageable} {ergonomic}
     bool UseCompressedOops                        = true                           {product lp64_product} {ergonomic}
     bool UseG1GC                                  = true                                      {product} {ergonomic}
     bool UseLargePagesIndividualAllocation        = false                                  {pd product} {ergonomic}

Logging:
Log output configuration:
 #0: stdout all=warning uptime,level,tags foldmultilines=false
 #1: stderr all=off uptime,level,tags foldmultilines=false

Release file:
IMPLEMENTOR="Oracle Corporation" 
JAVA_RUNTIME_VERSION="25+36-3489" 
JAVA_VERSION="25" 
JAVA_VERSION_DATE="2025-09-16" 
LIBC="default" 
MODULES="java.base java.compiler java.datatransfer java.xml java.prefs java.desktop java.instrument java.logging java.management java.security.sasl java.naming java.rmi java.management.rmi java.net.http java.scripting java.security.jgss java.transaction.xa java.sql java.sql.rowset java.xml.crypto java.se java.smartcardio jdk.accessibility jdk.internal.jvmstat jdk.attach jdk.charsets jdk.internal.opt jdk.zipfs jdk.compiler jdk.crypto.cryptoki jdk.crypto.ec jdk.crypto.mscapi jdk.dynalink jdk.internal.ed jdk.editpad jdk.internal.vm.ci jdk.graal.compiler jdk.graal.compiler.management jdk.hotspot.agent jdk.httpserver jdk.incubator.vector jdk.internal.le jdk.internal.md jdk.jartool jdk.javadoc jdk.jcmd jdk.management jdk.management.agent jdk.jconsole jdk.jdeps jdk.jdwp.agent jdk.jdi jdk.jfr jdk.jlink jdk.jpackage jdk.jshell jdk.jsobject jdk.jstatd jdk.localedata jdk.management.jfr jdk.naming.dns jdk.naming.rmi jdk.net jdk.nio.mapmode jdk.sctp jdk.security.auth jdk.security.jgss jdk.unsupported jdk.unsupported.desktop jdk.xml.dom" 
OS_ARCH="x86_64" 
OS_NAME="Windows" 
SOURCE=".:git:6c48f4ed707b" 

Environment Variables:
JAVA_HOME=C:\Users\hrano\.jdks\openjdk-25
PATH=C:\Program Files\Common Files\Oracle\Java\javapath;C:\Program Files (x86)\Common Files\Oracle\Java\java8path;C:\Program Files (x86)\Common Files\Oracle\Java\javapath;C:\WINDOWS\system32;C:\WINDOWS;C:\WINDOWS\System32\Wbem;C:\WINDOWS\System32\WindowsPowerShell\v1.0\;C:\WINDOWS\System32\OpenSSH\;C:\Program Files\dotnet\;C:\Program Files\nodejs\;C:\Program Files\Git\cmd;C:\Gradle\gradle-7.6.3\bin;C:\Android\Sdk\build-tools;C:\Android\Sdk\platform-tools;C:\Users\hrano\.jdks\openjdk-25\bin;C:\flutter\bin;C:\Android\Sdk\cmdline-tools\latest\bin;C:\Program Files\apache-maven-3.9.11\bin;D:\Users\hrano\AppData\Local\Programs\Python\Python313\Scripts\;D:\Users\hrano\AppData\Local\Programs\Python\Python313\;C:\Users\hrano\AppData\Local\Microsoft\WindowsApps;D:\Users\hrano\AppData\Local\Programs\Microsoft VS Code\bin;C:\Users\hrano\AppData\Roaming\Microsoft\Windows\Start Menu\Programs\Python 3.13;C:\ProgramData\Microsoft\Windows\Start Menu\Programs\Node.js;C:\Users\hrano\AppData\Local\Microsoft\WinGet\Links;C:\Users\hrano\AppData\Roaming\npm;C:\Users\hrano\AppData\Local\GitHubDesktop\bin;D:\Program Files\JetBrains\IntelliJ IDEA Community Edition 2025.2.4\bin
USERNAME=Mathias
OS=Windows_NT
PROCESSOR_IDENTIFIER=AMD64 Family 25 Model 80 Stepping 0, AuthenticAMD
TMP=C:\Users\hrano\AppData\Local\Temp
TEMP=C:\Users\hrano\AppData\Local\Temp




Compilation memory statistics disabled.

Periodic native trim disabled

---------------  S Y S T E M  ---------------

OS:
 Windows 11 , 64 bit Build 26100 (10.0.26100.6725)
OS uptime: 1 days 0:53 hours
Hyper-V role detected

CPU: total 12 (initial active 12) (12 cores per cpu, 2 threads per core) family 25 model 80 stepping 0 microcode 0xa50000d, cx8, cmov, fxsr, ht, mmx, 3dnowpref, sse, sse2, sse3, ssse3, sse4a, sse4.1, sse4.2, popcnt, lzcnt, tsc, tscinvbit, avx, avx2, aes, erms, clmul, bmi1, bmi2, adx, sha, fma, vzeroupper, clflush, clflushopt, clwb, hv, rdtscp, rdpid, fsrm, f16c, cet_ss
Processor Information for the first 12 processors :
  Max Mhz: 3901, Current Mhz: 3901, Mhz Limit: 3901

Memory: 4k page, system-wide physical 15919M (2583M free)
TotalPageFile size 17967M (AvailPageFile size 7M)
current process WorkingSet (physical memory assigned to process): 82M, peak: 83M
current process commit charge ("private bytes"): 368M, peak: 383M

vm_info: OpenJDK 64-Bit Server VM (25+36-3489) for windows-amd64 JRE (25+36-3489), built on 2025-08-12T17:19:28Z with unknown MS VC++:1943

END.
