#
# There is insufficient memory for the Java Runtime Environment to continue.
# Native memory allocation (malloc) failed to allocate 1427736 bytes. Error detail: Chunk::new
# Possible reasons:
#   The system is out of physical RAM or swap space
#   This process is running with CompressedOops enabled, and the Java Heap may be blocking the growth of the native heap
# Possible solutions:
#   Reduce memory load on the system
#   Increase physical memory or swap space
#   Check if swap backing store is full
#   Decrease Java heap size (-Xmx/-Xms)
#   Decrease number of Java threads
#   Decrease Java thread stack sizes (-Xss)
#   Set larger code cache with -XX:ReservedCodeCacheSize=
#   JVM is running with Zero Based Compressed Oops mode in which the Java heap is
#     placed in the first 32GB address space. The Java Heap base address is the
#     maximum limit for the native heap growth. Please use -XX:HeapBaseMinAddress
#     to set the Java Heap base and to place the Java Heap above 32GB virtual address.
# This output file may be truncated or incomplete.
#
#  Out of Memory Error (arena.cpp:186), pid=3976, tid=19396
#
# JRE version: OpenJDK Runtime Environment (25.0+36) (build 25+36-3489)
# Java VM: OpenJDK 64-Bit Server VM (25+36-3489, mixed mode, sharing, tiered, compressed oops, compressed class ptrs, g1 gc, windows-amd64)
# No core dump will be written. Minidumps are not enabled by default on client versions of Windows
#

---------------  S U M M A R Y ------------

Command Line: -javaagent:D:\Program Files\JetBrains\IntelliJ IDEA Community Edition 2025.2.4\lib\idea_rt.jar=51800 -Dfile.encoding=UTF-8 -Dsun.stdout.encoding=UTF-8 -Dsun.stderr.encoding=UTF-8 --module-path=C:\Users\hrano\.m2\repository\org\openjfx\javafx-base\21.0.6\javafx-base-21.0.6-win.jar;C:\Users\hrano\.m2\repository\org\openjfx\javafx-fxml\21.0.6\javafx-fxml-21.0.6-win.jar;C:\Users\hrano\.m2\repository\org\openjfx\javafx-graphics\21.0.6\javafx-graphics-21.0.6-win.jar;C:\Users\hrano\.m2\repository\org\openjfx\javafx-controls\21.0.6\javafx-controls-21.0.6-win.jar;C:\Users\hrano\OneDrive\Área de Trabalho\vscode\Java\SistemaCreche\target\classes;C:\Users\hrano\.m2\repository\jakarta\persistence\jakarta.persistence-api\3.1.0\jakarta.persistence-api-3.1.0.jar -Djdk.module.main=com.salo.sistemacreche com.salo.sistemacreche/com.salo.sistemacreche.MainApp

Host: AMD Ryzen 5 5600G with Radeon Graphics         , 12 cores, 15G,  Windows 11 , 64 bit Build 26100 (10.0.26100.6725)
Time: Tue Oct 28 17:40:38 2025 Hora oficial do Brasil elapsed time: 1.964383 seconds (0d 0h 0m 1s)

---------------  T H R E A D  ---------------

Current thread (0x000001b39b8bcee0):  JavaThread "C2 CompilerThread0" daemon [_thread_in_native, id=19396, stack(0x00000050fed00000,0x00000050fee00000) (1024K)]


Current CompileTask:
C2:1964 1312  s    4       java.io.BufferedInputStream::read (112 bytes)

Stack: [0x00000050fed00000,0x00000050fee00000]
Native frames: (J=compiled Java code, j=interpreted, Vv=VM code, C=native code)
V  [jvm.dll+0x7a6a39]  (no source info available)
V  [jvm.dll+0x7727ed]  (no source info available)
V  [jvm.dll+0x965f33]  (no source info available)
V  [jvm.dll+0x968531]  (no source info available)
V  [jvm.dll+0x968c33]  (no source info available)
V  [jvm.dll+0x2fc756]  (no source info available)
V  [jvm.dll+0x111b26]  (no source info available)
V  [jvm.dll+0x111e4e]  (no source info available)
V  [jvm.dll+0x1a0a22]  (no source info available)
V  [jvm.dll+0x3b53c2]  (no source info available)
V  [jvm.dll+0x7ac3cf]  (no source info available)
V  [jvm.dll+0x2c0ac7]  (no source info available)
V  [jvm.dll+0x2bfa8f]  (no source info available)
V  [jvm.dll+0x237b60]  (no source info available)
V  [jvm.dll+0x2cfb56]  (no source info available)
V  [jvm.dll+0x2cddd5]  (no source info available)
V  [jvm.dll+0x48e671]  (no source info available)
V  [jvm.dll+0x90681d]  (no source info available)
V  [jvm.dll+0x7a5015]  (no source info available)
C  [ucrtbase.dll+0x37b0]  (no source info available)
C  [KERNEL32.DLL+0x2e8d7]  (no source info available)
C  [ntdll.dll+0x8c53c]  (no source info available)

Lock stack of current Java thread (top to bottom):


---------------  P R O C E S S  ---------------

Threads class SMR info:
_java_thread_list=0x000001b3a0b487e0, length=19, elements={
0x000001b3fbf2ff60, 0x000001b39b874700, 0x000001b39b874ec0, 0x000001b39b87bff0,
0x000001b39b87d090, 0x000001b39b887800, 0x000001b39b8ab290, 0x000001b39b8bcee0,
0x000001b39b8c6430, 0x000001b39bad7000, 0x000001b3a06e2190, 0x000001b3a00cad70,
0x000001b3a0765db0, 0x000001b3a04190f0, 0x000001b3a08b4690, 0x000001b3a0a98760,
0x000001b3a0abf410, 0x000001b3a0b82810, 0x000001b3a0b0c3c0
}

Java Threads: ( => current thread )
  0x000001b3fbf2ff60 JavaThread "main"                              [_thread_blocked, id=7044, stack(0x00000050fdf00000,0x00000050fe000000) (1024K)]
  0x000001b39b874700 JavaThread "Reference Handler"          daemon [_thread_blocked, id=13404, stack(0x00000050fe700000,0x00000050fe800000) (1024K)]
  0x000001b39b874ec0 JavaThread "Finalizer"                  daemon [_thread_blocked, id=9388, stack(0x00000050fe800000,0x00000050fe900000) (1024K)]
  0x000001b39b87bff0 JavaThread "Signal Dispatcher"          daemon [_thread_blocked, id=12804, stack(0x00000050fe900000,0x00000050fea00000) (1024K)]
  0x000001b39b87d090 JavaThread "Attach Listener"            daemon [_thread_blocked, id=668, stack(0x00000050fea00000,0x00000050feb00000) (1024K)]
  0x000001b39b887800 JavaThread "Service Thread"             daemon [_thread_blocked, id=18984, stack(0x00000050feb00000,0x00000050fec00000) (1024K)]
  0x000001b39b8ab290 JavaThread "Monitor Deflation Thread"   daemon [_thread_blocked, id=19572, stack(0x00000050fec00000,0x00000050fed00000) (1024K)]
=>0x000001b39b8bcee0 JavaThread "C2 CompilerThread0"         daemon [_thread_in_native, id=19396, stack(0x00000050fed00000,0x00000050fee00000) (1024K)]
  0x000001b39b8c6430 JavaThread "C1 CompilerThread0"         daemon [_thread_blocked, id=18812, stack(0x00000050fee00000,0x00000050fef00000) (1024K)]
  0x000001b39bad7000 JavaThread "Common-Cleaner"             daemon [_thread_blocked, id=16660, stack(0x00000050fef00000,0x00000050ff000000) (1024K)]
  0x000001b3a06e2190 JavaThread "Monitor Ctrl-Break"         daemon [_thread_in_native, id=10544, stack(0x00000050ff000000,0x00000050ff100000) (1024K)]
  0x000001b3a00cad70 JavaThread "Notification Thread"        daemon [_thread_blocked, id=17144, stack(0x00000050ff100000,0x00000050ff200000) (1024K)]
  0x000001b3a0765db0 JavaThread "C2 CompilerThread1"         daemon [_thread_in_native, id=15752, stack(0x00000050ff200000,0x00000050ff300000) (1024K)]
  0x000001b3a04190f0 JavaThread "C2 CompilerThread2"         daemon [_thread_in_native, id=13804, stack(0x00000050ff300000,0x00000050ff400000) (1024K)]
  0x000001b3a08b4690 JavaThread "QuantumRenderer-0"          daemon [_thread_blocked, id=13496, stack(0x00000050ff400000,0x00000050ff500000) (1024K)]
  0x000001b3a0a98760 JavaThread "InvokeLaterDispatcher"      daemon [_thread_blocked, id=17504, stack(0x00000050ff700000,0x00000050ff800000) (1024K)]
  0x000001b3a0abf410 JavaThread "JavaFX Application Thread"         [_thread_in_Java, id=6208, stack(0x00000050ff800000,0x00000050ff900000) (1024K)]
  0x000001b3a0b82810 JavaThread "JavaFX-Launcher"                   [_thread_blocked, id=14160, stack(0x0000005080200000,0x0000005080300000) (1024K)]
  0x000001b3a0b0c3c0 JavaThread "Thread-2"                   daemon [_thread_in_native, id=10884, stack(0x0000005080100000,0x0000005080200000) (1024K)]
Total: 19

Other Threads:
  0x000001b39b864a80 VMThread "VM Thread"                           [id=8888, stack(0x00000050fe600000,0x00000050fe700000) (1024K)]
  0x000001b39b859490 WatcherThread "VM Periodic Task Thread"        [id=15896, stack(0x00000050fe500000,0x00000050fe600000) (1024K)]
  0x000001b3fbf9a2f0 WorkerThread "GC Thread#0"                     [id=5664, stack(0x00000050fe000000,0x00000050fe100000) (1024K)]
  0x000001b3fbfb37d0 ConcurrentGCThread "G1 Main Marker"            [id=412, stack(0x00000050fe100000,0x00000050fe200000) (1024K)]
  0x000001b3fbfb4370 WorkerThread "G1 Conc#0"                       [id=19960, stack(0x00000050fe200000,0x00000050fe300000) (1024K)]
  0x000001b39b720bd0 ConcurrentGCThread "G1 Refine#0"               [id=3392, stack(0x00000050fe300000,0x00000050fe400000) (1024K)]
  0x000001b39b7217e0 ConcurrentGCThread "G1 Service"                [id=2192, stack(0x00000050fe400000,0x00000050fe500000) (1024K)]
Total: 7

Threads with active compile tasks:
C2 CompilerThread0  2018 1312  s    4       java.io.BufferedInputStream::read (112 bytes)
C2 CompilerThread1  2018 1458   !   4       com.sun.javafx.css.ParsedValueImpl::readBinary (691 bytes)
C2 CompilerThread2  2018 1529       4       jdk.internal.classfile.impl.SplitConstantPool::internalAdd (78 bytes)
Total: 3

VM state: not at safepoint (normal execution)

VM Mutex/Monitor currently owned by a thread: None

Heap address: 0x0000000707400000, size: 3980 MB, Compressed Oops mode: Zero based, Oop shift amount: 3

CDS archive(s) mapped at: [0x0000000096000000-0x0000000096dd0000-0x0000000096dd0000), size 14483456, SharedBaseAddress: 0x0000000096000000, ArchiveRelocationMode: 1.
Compressed class space mapped at: 0x0000000097000000-0x00000000d7000000, reserved size: 1073741824
UseCompressedClassPointers 1, UseCompactObjectHeaders 0
Narrow klass pointer bits 32, Max shift 3
Narrow klass base: 0x0000000096000000, Narrow klass shift: 0
Encoding Range: [0x0000000096000000 - 0x0000000196000000), (4294967296 bytes)
Klass Range:    [0x0000000096010000 - 0x00000000d7000000), (1090453504 bytes)
Klass ID Range:  [65536 - 1090519033) (1090453497)
Protection zone: [0x0000000096000000 - 0x0000000096010000), (65536 bytes)

GC Precious Log:
 CardTable entry size: 512
 Card Set container configuration: InlinePtr #cards 4 size 8 Array Of Cards #cards 16 size 48 Howl #buckets 8 coarsen threshold 3686 Howl Bitmap #cards 512 size 80 coarsen threshold 460 Card regions per heap region 1 cards per card region 4096
 CPUs: 12 total, 12 available
 Memory: 15919M
 Large Page Support: Disabled
 NUMA Support: Disabled
 Compressed Oops: Enabled (Zero based)
 Heap Region Size: 2M
 Heap Min Capacity: 8M
 Heap Initial Capacity: 250M
 Heap Max Capacity: 3980M
 Pre-touch: Disabled
 Parallel Workers: 10
 Concurrent Workers: 3
 Concurrent Refinement Workers: 10
 Periodic GC: Disabled

Heap:
 garbage-first heap   total reserved 4075520K, committed 258048K, used 44179K [0x0000000707400000, 0x0000000800000000)
  region size 2048K, 23 young (47104K), 0 survivors (0K)

Heap Regions: E=young(eden), S=young(survivor), O=old, HS=humongous(starts), HC=humongous(continues), CS=collection set, F=free, TAMS=top-at-mark-start, PB=parsable bottom
|   0|0x0000000707400000, 0x0000000707400000, 0x0000000707600000|  0%| F|  |TAMS 0x0000000707400000| PB 0x0000000707400000| Untracked |  0
|   1|0x0000000707600000, 0x0000000707600000, 0x0000000707800000|  0%| F|  |TAMS 0x0000000707600000| PB 0x0000000707600000| Untracked |  0
|   2|0x0000000707800000, 0x0000000707800000, 0x0000000707a00000|  0%| F|  |TAMS 0x0000000707800000| PB 0x0000000707800000| Untracked |  0
|   3|0x0000000707a00000, 0x0000000707a00000, 0x0000000707c00000|  0%| F|  |TAMS 0x0000000707a00000| PB 0x0000000707a00000| Untracked |  0
|   4|0x0000000707c00000, 0x0000000707c00000, 0x0000000707e00000|  0%| F|  |TAMS 0x0000000707c00000| PB 0x0000000707c00000| Untracked |  0
|   5|0x0000000707e00000, 0x0000000707e00000, 0x0000000708000000|  0%| F|  |TAMS 0x0000000707e00000| PB 0x0000000707e00000| Untracked |  0
|   6|0x0000000708000000, 0x0000000708000000, 0x0000000708200000|  0%| F|  |TAMS 0x0000000708000000| PB 0x0000000708000000| Untracked |  0
|   7|0x0000000708200000, 0x0000000708200000, 0x0000000708400000|  0%| F|  |TAMS 0x0000000708200000| PB 0x0000000708200000| Untracked |  0
|   8|0x0000000708400000, 0x0000000708400000, 0x0000000708600000|  0%| F|  |TAMS 0x0000000708400000| PB 0x0000000708400000| Untracked |  0
|   9|0x0000000708600000, 0x0000000708600000, 0x0000000708800000|  0%| F|  |TAMS 0x0000000708600000| PB 0x0000000708600000| Untracked |  0
|  10|0x0000000708800000, 0x0000000708800000, 0x0000000708a00000|  0%| F|  |TAMS 0x0000000708800000| PB 0x0000000708800000| Untracked |  0
|  11|0x0000000708a00000, 0x0000000708a00000, 0x0000000708c00000|  0%| F|  |TAMS 0x0000000708a00000| PB 0x0000000708a00000| Untracked |  0
|  12|0x0000000708c00000, 0x0000000708c00000, 0x0000000708e00000|  0%| F|  |TAMS 0x0000000708c00000| PB 0x0000000708c00000| Untracked |  0
|  13|0x0000000708e00000, 0x0000000708e00000, 0x0000000709000000|  0%| F|  |TAMS 0x0000000708e00000| PB 0x0000000708e00000| Untracked |  0
|  14|0x0000000709000000, 0x0000000709000000, 0x0000000709200000|  0%| F|  |TAMS 0x0000000709000000| PB 0x0000000709000000| Untracked |  0
|  15|0x0000000709200000, 0x0000000709200000, 0x0000000709400000|  0%| F|  |TAMS 0x0000000709200000| PB 0x0000000709200000| Untracked |  0
|  16|0x0000000709400000, 0x0000000709400000, 0x0000000709600000|  0%| F|  |TAMS 0x0000000709400000| PB 0x0000000709400000| Untracked |  0
|  17|0x0000000709600000, 0x0000000709600000, 0x0000000709800000|  0%| F|  |TAMS 0x0000000709600000| PB 0x0000000709600000| Untracked |  0
|  18|0x0000000709800000, 0x0000000709800000, 0x0000000709a00000|  0%| F|  |TAMS 0x0000000709800000| PB 0x0000000709800000| Untracked |  0
|  19|0x0000000709a00000, 0x0000000709a00000, 0x0000000709c00000|  0%| F|  |TAMS 0x0000000709a00000| PB 0x0000000709a00000| Untracked |  0
|  20|0x0000000709c00000, 0x0000000709c00000, 0x0000000709e00000|  0%| F|  |TAMS 0x0000000709c00000| PB 0x0000000709c00000| Untracked |  0
|  21|0x0000000709e00000, 0x0000000709e00000, 0x000000070a000000|  0%| F|  |TAMS 0x0000000709e00000| PB 0x0000000709e00000| Untracked |  0
|  22|0x000000070a000000, 0x000000070a000000, 0x000000070a200000|  0%| F|  |TAMS 0x000000070a000000| PB 0x000000070a000000| Untracked |  0
|  23|0x000000070a200000, 0x000000070a200000, 0x000000070a400000|  0%| F|  |TAMS 0x000000070a200000| PB 0x000000070a200000| Untracked |  0
|  24|0x000000070a400000, 0x000000070a400000, 0x000000070a600000|  0%| F|  |TAMS 0x000000070a400000| PB 0x000000070a400000| Untracked |  0
|  25|0x000000070a600000, 0x000000070a600000, 0x000000070a800000|  0%| F|  |TAMS 0x000000070a600000| PB 0x000000070a600000| Untracked |  0
|  26|0x000000070a800000, 0x000000070a800000, 0x000000070aa00000|  0%| F|  |TAMS 0x000000070a800000| PB 0x000000070a800000| Untracked |  0
|  27|0x000000070aa00000, 0x000000070aa00000, 0x000000070ac00000|  0%| F|  |TAMS 0x000000070aa00000| PB 0x000000070aa00000| Untracked |  0
|  28|0x000000070ac00000, 0x000000070ac00000, 0x000000070ae00000|  0%| F|  |TAMS 0x000000070ac00000| PB 0x000000070ac00000| Untracked |  0
|  29|0x000000070ae00000, 0x000000070ae00000, 0x000000070b000000|  0%| F|  |TAMS 0x000000070ae00000| PB 0x000000070ae00000| Untracked |  0
|  30|0x000000070b000000, 0x000000070b000000, 0x000000070b200000|  0%| F|  |TAMS 0x000000070b000000| PB 0x000000070b000000| Untracked |  0
|  31|0x000000070b200000, 0x000000070b200000, 0x000000070b400000|  0%| F|  |TAMS 0x000000070b200000| PB 0x000000070b200000| Untracked |  0
|  32|0x000000070b400000, 0x000000070b400000, 0x000000070b600000|  0%| F|  |TAMS 0x000000070b400000| PB 0x000000070b400000| Untracked |  0
|  33|0x000000070b600000, 0x000000070b600000, 0x000000070b800000|  0%| F|  |TAMS 0x000000070b600000| PB 0x000000070b600000| Untracked |  0
|  34|0x000000070b800000, 0x000000070b800000, 0x000000070ba00000|  0%| F|  |TAMS 0x000000070b800000| PB 0x000000070b800000| Untracked |  0
|  35|0x000000070ba00000, 0x000000070ba00000, 0x000000070bc00000|  0%| F|  |TAMS 0x000000070ba00000| PB 0x000000070ba00000| Untracked |  0
|  36|0x000000070bc00000, 0x000000070bc00000, 0x000000070be00000|  0%| F|  |TAMS 0x000000070bc00000| PB 0x000000070bc00000| Untracked |  0
|  37|0x000000070be00000, 0x000000070be00000, 0x000000070c000000|  0%| F|  |TAMS 0x000000070be00000| PB 0x000000070be00000| Untracked |  0
|  38|0x000000070c000000, 0x000000070c000000, 0x000000070c200000|  0%| F|  |TAMS 0x000000070c000000| PB 0x000000070c000000| Untracked |  0
|  39|0x000000070c200000, 0x000000070c200000, 0x000000070c400000|  0%| F|  |TAMS 0x000000070c200000| PB 0x000000070c200000| Untracked |  0
|  40|0x000000070c400000, 0x000000070c400000, 0x000000070c600000|  0%| F|  |TAMS 0x000000070c400000| PB 0x000000070c400000| Untracked |  0
|  41|0x000000070c600000, 0x000000070c600000, 0x000000070c800000|  0%| F|  |TAMS 0x000000070c600000| PB 0x000000070c600000| Untracked |  0
|  42|0x000000070c800000, 0x000000070c800000, 0x000000070ca00000|  0%| F|  |TAMS 0x000000070c800000| PB 0x000000070c800000| Untracked |  0
|  43|0x000000070ca00000, 0x000000070ca00000, 0x000000070cc00000|  0%| F|  |TAMS 0x000000070ca00000| PB 0x000000070ca00000| Untracked |  0
|  44|0x000000070cc00000, 0x000000070cc00000, 0x000000070ce00000|  0%| F|  |TAMS 0x000000070cc00000| PB 0x000000070cc00000| Untracked |  0
|  45|0x000000070ce00000, 0x000000070ce00000, 0x000000070d000000|  0%| F|  |TAMS 0x000000070ce00000| PB 0x000000070ce00000| Untracked |  0
|  46|0x000000070d000000, 0x000000070d000000, 0x000000070d200000|  0%| F|  |TAMS 0x000000070d000000| PB 0x000000070d000000| Untracked |  0
|  47|0x000000070d200000, 0x000000070d200000, 0x000000070d400000|  0%| F|  |TAMS 0x000000070d200000| PB 0x000000070d200000| Untracked |  0
|  48|0x000000070d400000, 0x000000070d400000, 0x000000070d600000|  0%| F|  |TAMS 0x000000070d400000| PB 0x000000070d400000| Untracked |  0
|  49|0x000000070d600000, 0x000000070d600000, 0x000000070d800000|  0%| F|  |TAMS 0x000000070d600000| PB 0x000000070d600000| Untracked |  0
|  50|0x000000070d800000, 0x000000070d800000, 0x000000070da00000|  0%| F|  |TAMS 0x000000070d800000| PB 0x000000070d800000| Untracked |  0
|  51|0x000000070da00000, 0x000000070da00000, 0x000000070dc00000|  0%| F|  |TAMS 0x000000070da00000| PB 0x000000070da00000| Untracked |  0
|  52|0x000000070dc00000, 0x000000070dc00000, 0x000000070de00000|  0%| F|  |TAMS 0x000000070dc00000| PB 0x000000070dc00000| Untracked |  0
|  53|0x000000070de00000, 0x000000070de00000, 0x000000070e000000|  0%| F|  |TAMS 0x000000070de00000| PB 0x000000070de00000| Untracked |  0
|  54|0x000000070e000000, 0x000000070e000000, 0x000000070e200000|  0%| F|  |TAMS 0x000000070e000000| PB 0x000000070e000000| Untracked |  0
|  55|0x000000070e200000, 0x000000070e200000, 0x000000070e400000|  0%| F|  |TAMS 0x000000070e200000| PB 0x000000070e200000| Untracked |  0
|  56|0x000000070e400000, 0x000000070e400000, 0x000000070e600000|  0%| F|  |TAMS 0x000000070e400000| PB 0x000000070e400000| Untracked |  0
|  57|0x000000070e600000, 0x000000070e600000, 0x000000070e800000|  0%| F|  |TAMS 0x000000070e600000| PB 0x000000070e600000| Untracked |  0
|  58|0x000000070e800000, 0x000000070e800000, 0x000000070ea00000|  0%| F|  |TAMS 0x000000070e800000| PB 0x000000070e800000| Untracked |  0
|  59|0x000000070ea00000, 0x000000070ea00000, 0x000000070ec00000|  0%| F|  |TAMS 0x000000070ea00000| PB 0x000000070ea00000| Untracked |  0
|  60|0x000000070ec00000, 0x000000070ec00000, 0x000000070ee00000|  0%| F|  |TAMS 0x000000070ec00000| PB 0x000000070ec00000| Untracked |  0
|  61|0x000000070ee00000, 0x000000070ee00000, 0x000000070f000000|  0%| F|  |TAMS 0x000000070ee00000| PB 0x000000070ee00000| Untracked |  0
|  62|0x000000070f000000, 0x000000070f000000, 0x000000070f200000|  0%| F|  |TAMS 0x000000070f000000| PB 0x000000070f000000| Untracked |  0
|  63|0x000000070f200000, 0x000000070f200000, 0x000000070f400000|  0%| F|  |TAMS 0x000000070f200000| PB 0x000000070f200000| Untracked |  0
|  64|0x000000070f400000, 0x000000070f400000, 0x000000070f600000|  0%| F|  |TAMS 0x000000070f400000| PB 0x000000070f400000| Untracked |  0
|  65|0x000000070f600000, 0x000000070f600000, 0x000000070f800000|  0%| F|  |TAMS 0x000000070f600000| PB 0x000000070f600000| Untracked |  0
|  66|0x000000070f800000, 0x000000070f800000, 0x000000070fa00000|  0%| F|  |TAMS 0x000000070f800000| PB 0x000000070f800000| Untracked |  0
|  67|0x000000070fa00000, 0x000000070fa00000, 0x000000070fc00000|  0%| F|  |TAMS 0x000000070fa00000| PB 0x000000070fa00000| Untracked |  0
|  68|0x000000070fc00000, 0x000000070fc00000, 0x000000070fe00000|  0%| F|  |TAMS 0x000000070fc00000| PB 0x000000070fc00000| Untracked |  0
|  69|0x000000070fe00000, 0x000000070fe00000, 0x0000000710000000|  0%| F|  |TAMS 0x000000070fe00000| PB 0x000000070fe00000| Untracked |  0
|  70|0x0000000710000000, 0x0000000710000000, 0x0000000710200000|  0%| F|  |TAMS 0x0000000710000000| PB 0x0000000710000000| Untracked |  0
|  71|0x0000000710200000, 0x0000000710200000, 0x0000000710400000|  0%| F|  |TAMS 0x0000000710200000| PB 0x0000000710200000| Untracked |  0
|  72|0x0000000710400000, 0x0000000710400000, 0x0000000710600000|  0%| F|  |TAMS 0x0000000710400000| PB 0x0000000710400000| Untracked |  0
|  73|0x0000000710600000, 0x0000000710600000, 0x0000000710800000|  0%| F|  |TAMS 0x0000000710600000| PB 0x0000000710600000| Untracked |  0
|  74|0x0000000710800000, 0x0000000710800000, 0x0000000710a00000|  0%| F|  |TAMS 0x0000000710800000| PB 0x0000000710800000| Untracked |  0
|  75|0x0000000710a00000, 0x0000000710a00000, 0x0000000710c00000|  0%| F|  |TAMS 0x0000000710a00000| PB 0x0000000710a00000| Untracked |  0
|  76|0x0000000710c00000, 0x0000000710c00000, 0x0000000710e00000|  0%| F|  |TAMS 0x0000000710c00000| PB 0x0000000710c00000| Untracked |  0
|  77|0x0000000710e00000, 0x0000000710e00000, 0x0000000711000000|  0%| F|  |TAMS 0x0000000710e00000| PB 0x0000000710e00000| Untracked |  0
|  78|0x0000000711000000, 0x0000000711000000, 0x0000000711200000|  0%| F|  |TAMS 0x0000000711000000| PB 0x0000000711000000| Untracked |  0
|  79|0x0000000711200000, 0x0000000711200000, 0x0000000711400000|  0%| F|  |TAMS 0x0000000711200000| PB 0x0000000711200000| Untracked |  0
|  80|0x0000000711400000, 0x0000000711400000, 0x0000000711600000|  0%| F|  |TAMS 0x0000000711400000| PB 0x0000000711400000| Untracked |  0
|  81|0x0000000711600000, 0x0000000711600000, 0x0000000711800000|  0%| F|  |TAMS 0x0000000711600000| PB 0x0000000711600000| Untracked |  0
|  82|0x0000000711800000, 0x0000000711800000, 0x0000000711a00000|  0%| F|  |TAMS 0x0000000711800000| PB 0x0000000711800000| Untracked |  0
|  83|0x0000000711a00000, 0x0000000711a00000, 0x0000000711c00000|  0%| F|  |TAMS 0x0000000711a00000| PB 0x0000000711a00000| Untracked |  0
|  84|0x0000000711c00000, 0x0000000711c00000, 0x0000000711e00000|  0%| F|  |TAMS 0x0000000711c00000| PB 0x0000000711c00000| Untracked |  0
|  85|0x0000000711e00000, 0x0000000711e00000, 0x0000000712000000|  0%| F|  |TAMS 0x0000000711e00000| PB 0x0000000711e00000| Untracked |  0
|  86|0x0000000712000000, 0x0000000712000000, 0x0000000712200000|  0%| F|  |TAMS 0x0000000712000000| PB 0x0000000712000000| Untracked |  0
|  87|0x0000000712200000, 0x0000000712200000, 0x0000000712400000|  0%| F|  |TAMS 0x0000000712200000| PB 0x0000000712200000| Untracked |  0
|  88|0x0000000712400000, 0x0000000712400000, 0x0000000712600000|  0%| F|  |TAMS 0x0000000712400000| PB 0x0000000712400000| Untracked |  0
|  89|0x0000000712600000, 0x0000000712600000, 0x0000000712800000|  0%| F|  |TAMS 0x0000000712600000| PB 0x0000000712600000| Untracked |  0
|  90|0x0000000712800000, 0x0000000712800000, 0x0000000712a00000|  0%| F|  |TAMS 0x0000000712800000| PB 0x0000000712800000| Untracked |  0
|  91|0x0000000712a00000, 0x0000000712a00000, 0x0000000712c00000|  0%| F|  |TAMS 0x0000000712a00000| PB 0x0000000712a00000| Untracked |  0
|  92|0x0000000712c00000, 0x0000000712c00000, 0x0000000712e00000|  0%| F|  |TAMS 0x0000000712c00000| PB 0x0000000712c00000| Untracked |  0
|  93|0x0000000712e00000, 0x0000000712e00000, 0x0000000713000000|  0%| F|  |TAMS 0x0000000712e00000| PB 0x0000000712e00000| Untracked |  0
|  94|0x0000000713000000, 0x0000000713000000, 0x0000000713200000|  0%| F|  |TAMS 0x0000000713000000| PB 0x0000000713000000| Untracked |  0
|  95|0x0000000713200000, 0x0000000713200000, 0x0000000713400000|  0%| F|  |TAMS 0x0000000713200000| PB 0x0000000713200000| Untracked |  0
|  96|0x0000000713400000, 0x0000000713400000, 0x0000000713600000|  0%| F|  |TAMS 0x0000000713400000| PB 0x0000000713400000| Untracked |  0
|  97|0x0000000713600000, 0x0000000713600000, 0x0000000713800000|  0%| F|  |TAMS 0x0000000713600000| PB 0x0000000713600000| Untracked |  0
|  98|0x0000000713800000, 0x0000000713800000, 0x0000000713a00000|  0%| F|  |TAMS 0x0000000713800000| PB 0x0000000713800000| Untracked |  0
|  99|0x0000000713a00000, 0x0000000713a00000, 0x0000000713c00000|  0%| F|  |TAMS 0x0000000713a00000| PB 0x0000000713a00000| Untracked |  0
| 100|0x0000000713c00000, 0x0000000713c00000, 0x0000000713e00000|  0%| F|  |TAMS 0x0000000713c00000| PB 0x0000000713c00000| Untracked |  0
| 101|0x0000000713e00000, 0x0000000713e00000, 0x0000000714000000|  0%| F|  |TAMS 0x0000000713e00000| PB 0x0000000713e00000| Untracked |  0
| 102|0x0000000714000000, 0x00000007141ef878, 0x0000000714200000| 96%| E|  |TAMS 0x0000000714000000| PB 0x0000000714000000| Complete |  0
| 103|0x0000000714200000, 0x0000000714400000, 0x0000000714400000|100%| E|CS|TAMS 0x0000000714200000| PB 0x0000000714200000| Complete |  0
| 104|0x0000000714400000, 0x0000000714600000, 0x0000000714600000|100%| E|CS|TAMS 0x0000000714400000| PB 0x0000000714400000| Complete |  0
| 105|0x0000000714600000, 0x0000000714800000, 0x0000000714800000|100%| E|CS|TAMS 0x0000000714600000| PB 0x0000000714600000| Complete |  0
| 106|0x0000000714800000, 0x0000000714a00000, 0x0000000714a00000|100%| E|CS|TAMS 0x0000000714800000| PB 0x0000000714800000| Complete |  0
| 107|0x0000000714a00000, 0x0000000714c00000, 0x0000000714c00000|100%| E|CS|TAMS 0x0000000714a00000| PB 0x0000000714a00000| Complete |  0
| 108|0x0000000714c00000, 0x0000000714e00000, 0x0000000714e00000|100%| E|CS|TAMS 0x0000000714c00000| PB 0x0000000714c00000| Complete |  0
| 109|0x0000000714e00000, 0x0000000715000000, 0x0000000715000000|100%| E|CS|TAMS 0x0000000714e00000| PB 0x0000000714e00000| Complete |  0
| 110|0x0000000715000000, 0x0000000715200000, 0x0000000715200000|100%| E|CS|TAMS 0x0000000715000000| PB 0x0000000715000000| Complete |  0
| 111|0x0000000715200000, 0x0000000715400000, 0x0000000715400000|100%| E|CS|TAMS 0x0000000715200000| PB 0x0000000715200000| Complete |  0
| 112|0x0000000715400000, 0x0000000715600000, 0x0000000715600000|100%| E|CS|TAMS 0x0000000715400000| PB 0x0000000715400000| Complete |  0
| 113|0x0000000715600000, 0x0000000715800000, 0x0000000715800000|100%| E|  |TAMS 0x0000000715600000| PB 0x0000000715600000| Complete |  0
| 114|0x0000000715800000, 0x0000000715a00000, 0x0000000715a00000|100%| E|CS|TAMS 0x0000000715800000| PB 0x0000000715800000| Complete |  0
| 115|0x0000000715a00000, 0x0000000715c00000, 0x0000000715c00000|100%| E|CS|TAMS 0x0000000715a00000| PB 0x0000000715a00000| Complete |  0
| 116|0x0000000715c00000, 0x0000000715e00000, 0x0000000715e00000|100%| E|CS|TAMS 0x0000000715c00000| PB 0x0000000715c00000| Complete |  0
| 117|0x0000000715e00000, 0x0000000716000000, 0x0000000716000000|100%| E|CS|TAMS 0x0000000715e00000| PB 0x0000000715e00000| Complete |  0
| 118|0x0000000716000000, 0x0000000716200000, 0x0000000716200000|100%| E|CS|TAMS 0x0000000716000000| PB 0x0000000716000000| Complete |  0
| 119|0x0000000716200000, 0x0000000716400000, 0x0000000716400000|100%| E|CS|TAMS 0x0000000716200000| PB 0x0000000716200000| Complete |  0
| 120|0x0000000716400000, 0x0000000716600000, 0x0000000716600000|100%| E|CS|TAMS 0x0000000716400000| PB 0x0000000716400000| Complete |  0
| 121|0x0000000716600000, 0x0000000716800000, 0x0000000716800000|100%| E|CS|TAMS 0x0000000716600000| PB 0x0000000716600000| Complete |  0
| 122|0x0000000716800000, 0x0000000716a00000, 0x0000000716a00000|100%| E|CS|TAMS 0x0000000716800000| PB 0x0000000716800000| Complete |  0
| 123|0x0000000716a00000, 0x0000000716c00000, 0x0000000716c00000|100%| E|CS|TAMS 0x0000000716a00000| PB 0x0000000716a00000| Complete |  0
| 124|0x0000000716c00000, 0x0000000716e00000, 0x0000000716e00000|100%| E|CS|TAMS 0x0000000716c00000| PB 0x0000000716c00000| Complete |  0
|1989|0x00000007ffe00000, 0x00000007fff24e30, 0x0000000800000000| 57%| O|  |TAMS 0x00000007ffe00000| PB 0x00000007ffe00000| Untracked |  0

Card table byte_map: [0x000001b3fce30000,0x000001b3fd600000] _byte_map_base: 0x000001b3f95f6000

Marking Bits: (CMBitMap*) 0x000001b3fbf9aa80
 Bits: [0x000001b3977c0000, 0x000001b39b5f0000)

Polling page: 0x000001b3fb510000

Metaspace:
Metaspace        used 8990K, committed 9216K, reserved 1114112K
 class space     used 938K, committed 1024K, reserved 1048576K

Usage:
  Non-class:      7.86 MB used.
      Class:    939.90 KB used.
       Both:      8.78 MB used.

Virtual space:
  Non-class space:       64.00 MB reserved,       8.00 MB ( 12%) committed,  1 nodes.
      Class space:        1.00 GB reserved,       1.00 MB ( <1%) committed,  1 nodes.
             Both:        1.06 GB reserved,       9.00 MB ( <1%) committed. 

Chunk freelists:
   Non-Class:  7.35 MB
       Class:  14.99 MB
        Both:  22.33 MB

MaxMetaspaceSize: unlimited
CompressedClassSpaceSize: 1.00 GB
Initial GC threshold: 21.00 MB
Current GC threshold: 21.00 MB
CDS: on
 - commit_granule_bytes: 65536.
 - commit_granule_words: 8192.
 - virtual_space_node_default_size: 8388608.
 - enlarge_chunks_in_place: 1.
UseCompressedClassPointers 1, UseCompactObjectHeaders 0
Narrow klass pointer bits 32, Max shift 3
Narrow klass base: 0x0000000096000000, Narrow klass shift: 0
Encoding Range: [0x0000000096000000 - 0x0000000196000000), (4294967296 bytes)
Klass Range:    [0x0000000096010000 - 0x00000000d7000000), (1090453504 bytes)
Klass ID Range:  [65536 - 1090519033) (1090453497)
Protection zone: [0x0000000096000000 - 0x0000000096010000), (65536 bytes)


Internal statistics:

num_allocs_failed_limit: 0.
num_arena_births: 122.
num_arena_deaths: 0.
num_vsnodes_births: 2.
num_vsnodes_deaths: 0.
num_space_committed: 145.
num_space_uncommitted: 0.
num_chunks_returned_to_freelist: 0.
num_chunks_taken_from_freelist: 356.
num_chunk_merges: 0.
num_chunk_splits: 252.
num_chunks_enlarged: 199.
num_inconsistent_stats: 0.

CodeHeap 'non-profiled nmethods': size=120064Kb used=394Kb max_used=394Kb free=119669Kb
 bounds [0x000001b390280000, 0x000001b3904f0000, 0x000001b3977c0000]
CodeHeap 'profiled nmethods': size=120000Kb used=2122Kb max_used=2122Kb free=117877Kb
 bounds [0x000001b3887c0000, 0x000001b388a30000, 0x000001b38fcf0000]
CodeHeap 'non-nmethods': size=5696Kb used=1503Kb max_used=1513Kb free=4192Kb
 bounds [0x000001b38fcf0000, 0x000001b38ff60000, 0x000001b390280000]
CodeCache: size=245760Kb, used=4019Kb, max_used=4029Kb, free=241738Kb
 total_blobs=2130, nmethods=1516, adapters=515, full_count=0
Compilation: enabled, stopped_count=0, restarted_count=0

Compilation events (20 events):
Event: 0.962 Thread 0x000001b39b8c6430 1291       3       com.sun.javafx.css.PseudoClassState::getIndex (9 bytes)
Event: 0.962 Thread 0x000001b39b8c6430 nmethod 1291 0x000001b388983188 code [0x000001b388983280, 0x000001b388983500]
Event: 0.962 Thread 0x000001b39b8c6430 1292       3       com.sun.javafx.css.PseudoClassState::getIndex (86 bytes)
Event: 0.962 Thread 0x000001b3a04190f0 1339       4       java.util.Objects::checkIndex (7 bytes)
Event: 0.962 Thread 0x000001b3a04190f0 nmethod 1339 0x000001b3902d1d88 code [0x000001b3902d1e80, 0x000001b3902d1f20]
Event: 0.962 Thread 0x000001b3a04190f0 1340       4       java.lang.StringCoding::countPositives (33 bytes)
Event: 0.962 Thread 0x000001b39b8c6430 nmethod 1292 0x000001b388983588 code [0x000001b388983680, 0x000001b388984748]
Event: 0.963 Thread 0x000001b39b8c6430 1315       3       java.io.DataInputStream::readInt (19 bytes)
Event: 0.963 Thread 0x000001b39b8c6430 nmethod 1315 0x000001b388984788 code [0x000001b388984880, 0x000001b388984f80]
Event: 0.963 Thread 0x000001b39b8c6430 1325       3       java.util.ArrayList::rangeCheckForAdd (26 bytes)
Event: 0.963 Thread 0x000001b39b8c6430 nmethod 1325 0x000001b388985008 code [0x000001b388985100, 0x000001b388985c30]
Event: 0.963 Thread 0x000001b39b8c6430 1326       3       javafx.collections.ObservableListBase::beginChange (8 bytes)
Event: 0.963 Thread 0x000001b39b8c6430 nmethod 1326 0x000001b388985c88 code [0x000001b388985d80, 0x000001b3889861e8]
Event: 0.963 Thread 0x000001b39b8c6430 1327       3       javafx.collections.ListChangeBuilder::beginChange (11 bytes)
Event: 0.963 Thread 0x000001b39b8c6430 nmethod 1327 0x000001b388986208 code [0x000001b388986300, 0x000001b388986410]
Event: 0.963 Thread 0x000001b39b8c6430 1329       3       javafx.collections.ObservableListBase::endChange (8 bytes)
Event: 0.963 Thread 0x000001b39b8c6430 nmethod 1329 0x000001b388986508 code [0x000001b388986600, 0x000001b388986bb0]
Event: 0.963 Thread 0x000001b39b8c6430 1330       3       javafx.collections.ListChangeBuilder::endChange (32 bytes)
Event: 0.964 Thread 0x000001b39b8c6430 nmethod 1330 0x000001b388986c08 code [0x000001b388986d00, 0x000001b388986f58]
Event: 0.964 Thread 0x000001b39b8c6430 1331       3       javafx.collections.ListChangeBuilder::commit (516 bytes)

GC Heap Usage History (0 events):
No events

Metaspace Usage History (0 events):
No events

Dll operation events (20 events):
Event: 0.725 Loaded shared library C:\Users\hrano\.openjfx\cache\21.0.6+3\amd64\api-ms-win-crt-locale-l1-1-0.dll
Event: 0.727 Loaded shared library C:\Users\hrano\.openjfx\cache\21.0.6+3\amd64\api-ms-win-crt-math-l1-1-0.dll
Event: 0.728 Loaded shared library C:\Users\hrano\.openjfx\cache\21.0.6+3\amd64\api-ms-win-crt-multibyte-l1-1-0.dll
Event: 0.731 Loaded shared library C:\Users\hrano\.openjfx\cache\21.0.6+3\amd64\api-ms-win-crt-private-l1-1-0.dll
Event: 0.732 Loaded shared library C:\Users\hrano\.openjfx\cache\21.0.6+3\amd64\api-ms-win-crt-process-l1-1-0.dll
Event: 0.734 Loaded shared library C:\Users\hrano\.openjfx\cache\21.0.6+3\amd64\api-ms-win-crt-runtime-l1-1-0.dll
Event: 0.736 Loaded shared library C:\Users\hrano\.openjfx\cache\21.0.6+3\amd64\api-ms-win-crt-stdio-l1-1-0.dll
Event: 0.738 Loaded shared library C:\Users\hrano\.openjfx\cache\21.0.6+3\amd64\api-ms-win-crt-string-l1-1-0.dll
Event: 0.739 Loaded shared library C:\Users\hrano\.openjfx\cache\21.0.6+3\amd64\api-ms-win-crt-time-l1-1-0.dll
Event: 0.741 Loaded shared library C:\Users\hrano\.openjfx\cache\21.0.6+3\amd64\api-ms-win-crt-utility-l1-1-0.dll
Event: 0.749 Loaded shared library C:\Users\hrano\.openjfx\cache\21.0.6+3\amd64\ucrtbase.dll
Event: 0.752 Loaded shared library C:\Users\hrano\.openjfx\cache\21.0.6+3\amd64\vcruntime140.dll
Event: 0.754 Loaded shared library C:\Users\hrano\.openjfx\cache\21.0.6+3\amd64\vcruntime140_1.dll
Event: 0.759 Loaded shared library C:\Users\hrano\.openjfx\cache\21.0.6+3\amd64\msvcp140.dll
Event: 0.761 Loaded shared library C:\Users\hrano\.openjfx\cache\21.0.6+3\amd64\msvcp140_1.dll
Event: 0.764 Loaded shared library C:\Users\hrano\.openjfx\cache\21.0.6+3\amd64\msvcp140_2.dll
Event: 0.786 Loaded shared library C:\Users\hrano\.openjfx\cache\21.0.6+3\amd64\prism_d3d.dll
Event: 0.813 Loaded shared library C:\Users\hrano\.openjfx\cache\21.0.6+3\amd64\glass.dll
Event: 0.874 Loaded shared library C:\Users\hrano\.jdks\openjdk-25\bin\jimage.dll
Event: 0.946 Loaded shared library C:\Users\hrano\.openjfx\cache\21.0.6+3\amd64\javafx_font.dll

Deoptimization events (20 events):
Event: 0.808 Thread 0x000001b3fbf2ff60 Uncommon trap: trap_request=0xffffffc6 fr.pc=0x000001b3902b3cdc relative=0x00000000000009dc
Event: 0.808 Thread 0x000001b3fbf2ff60 Uncommon trap: reason=bimorphic_or_optimized_type_check action=maybe_recompile pc=0x000001b3902b3cdc method=java.util.HashMap.putVal(ILjava/lang/Object;Ljava/lang/Object;ZZ)Ljava/lang/Object; @ 56 c2
Event: 0.808 Thread 0x000001b3fbf2ff60 DEOPT PACKING pc=0x000001b3902b3cdc sp=0x00000050fdffd7e0
Event: 0.808 Thread 0x000001b3fbf2ff60 DEOPT UNPACKING pc=0x000001b38fe0f502 sp=0x00000050fdffd748 mode 2
Event: 0.808 Thread 0x000001b3fbf2ff60 Uncommon trap: trap_request=0xffffffc6 fr.pc=0x000001b3902b3cdc relative=0x00000000000009dc
Event: 0.808 Thread 0x000001b3fbf2ff60 Uncommon trap: reason=bimorphic_or_optimized_type_check action=maybe_recompile pc=0x000001b3902b3cdc method=java.util.HashMap.putVal(ILjava/lang/Object;Ljava/lang/Object;ZZ)Ljava/lang/Object; @ 56 c2
Event: 0.808 Thread 0x000001b3fbf2ff60 DEOPT PACKING pc=0x000001b3902b3cdc sp=0x00000050fdffd7e0
Event: 0.808 Thread 0x000001b3fbf2ff60 DEOPT UNPACKING pc=0x000001b38fe0f502 sp=0x00000050fdffd748 mode 2
Event: 0.808 Thread 0x000001b3fbf2ff60 Uncommon trap: trap_request=0xffffffc6 fr.pc=0x000001b3902b3cdc relative=0x00000000000009dc
Event: 0.808 Thread 0x000001b3fbf2ff60 Uncommon trap: reason=bimorphic_or_optimized_type_check action=maybe_recompile pc=0x000001b3902b3cdc method=java.util.HashMap.putVal(ILjava/lang/Object;Ljava/lang/Object;ZZ)Ljava/lang/Object; @ 56 c2
Event: 0.808 Thread 0x000001b3fbf2ff60 DEOPT PACKING pc=0x000001b3902b3cdc sp=0x00000050fdffd7e0
Event: 0.808 Thread 0x000001b3fbf2ff60 DEOPT UNPACKING pc=0x000001b38fe0f502 sp=0x00000050fdffd748 mode 2
Event: 0.900 Thread 0x000001b3a0abf410 Uncommon trap: trap_request=0xffffff45 fr.pc=0x000001b39028a724 relative=0x0000000000000124
Event: 0.900 Thread 0x000001b3a0abf410 Uncommon trap: reason=unstable_if action=reinterpret pc=0x000001b39028a724 method=java.lang.StringCoding.countPositives([BII)I @ 17 c2
Event: 0.900 Thread 0x000001b3a0abf410 DEOPT PACKING pc=0x000001b39028a724 sp=0x00000050ff8fde90
Event: 0.901 Thread 0x000001b3a0abf410 DEOPT UNPACKING pc=0x000001b38fe0f502 sp=0x00000050ff8fde30 mode 2
Event: 0.934 Thread 0x000001b3a0abf410 DEOPT PACKING pc=0x000001b388956ef8 sp=0x00000050ff8fc3c0
Event: 0.934 Thread 0x000001b3a0abf410 DEOPT UNPACKING pc=0x000001b38fd41702 sp=0x00000050ff8fb830 mode 0
Event: 0.950 Thread 0x000001b3a0abf410 DEOPT PACKING pc=0x000001b3887d83f0 sp=0x00000050ff8fd050
Event: 0.950 Thread 0x000001b3a0abf410 DEOPT UNPACKING pc=0x000001b38fd41702 sp=0x00000050ff8fc488 mode 0

Classes loaded (20 events):
Event: 0.948 Loading class sun/net/www/protocol/jar/JarFileFactory
Event: 0.948 Loading class sun/net/www/protocol/jar/URLJarFile$URLJarFileCloseController
Event: 0.948 Loading class sun/net/www/protocol/jar/URLJarFile$URLJarFileCloseController done
Event: 0.948 Loading class sun/net/www/protocol/jar/JarFileFactory done
Event: 0.948 Loading class jdk/internal/util/OperatingSystem
Event: 0.948 Loading class jdk/internal/util/OperatingSystem done
Event: 0.948 Loading class sun/net/www/protocol/jar/URLJarFile
Event: 0.948 Loading class sun/net/www/protocol/jar/URLJarFile done
Event: 0.949 Loading class sun/net/www/protocol/jar/URLJarFile$URLJarFileEntry
Event: 0.949 Loading class sun/net/www/protocol/jar/URLJarFile$URLJarFileEntry done
Event: 0.949 Loading class sun/net/www/protocol/jar/JarURLConnection$JarURLInputStream
Event: 0.949 Loading class sun/net/www/protocol/jar/JarURLConnection$JarURLInputStream done
Event: 0.963 Loading class java/util/AbstractList$RandomAccessSubList
Event: 0.963 Loading class java/util/AbstractList$SubList
Event: 0.963 Loading class java/util/AbstractList$SubList done
Event: 0.963 Loading class java/util/AbstractList$RandomAccessSubList done
Event: 0.963 Loading class java/util/AbstractList$SubList$1
Event: 0.963 Loading class java/util/AbstractList$SubList$1 done
Event: 0.963 Loading class java/util/AbstractList$ListItr
Event: 0.963 Loading class java/util/AbstractList$ListItr done

Classes unloaded (0 events):
No events

Classes redefined (0 events):
No events

Internal exceptions (20 events):
Event: 0.752 Thread 0x000001b3fbf2ff60 Exception <a 'java/io/IOException'{0x0000000715c46df0}> (0x0000000715c46df0) 
thrown [s\open\src\hotspot\share\prims\jni.cpp, line 516]
Event: 0.755 Thread 0x000001b3fbf2ff60 Exception <a 'java/io/IOException'{0x0000000715c56940}> (0x0000000715c56940) 
thrown [s\open\src\hotspot\share\prims\jni.cpp, line 516]
Event: 0.760 Thread 0x000001b3fbf2ff60 Exception <a 'java/io/IOException'{0x0000000715c5e230}> (0x0000000715c5e230) 
thrown [s\open\src\hotspot\share\prims\jni.cpp, line 516]
Event: 0.761 Thread 0x000001b3fbf2ff60 Exception <a 'java/io/IOException'{0x0000000715c6a660}> (0x0000000715c6a660) 
thrown [s\open\src\hotspot\share\prims\jni.cpp, line 516]
Event: 0.776 Thread 0x000001b3fbf2ff60 Exception <a 'java/lang/NoSuchMethodError'{0x0000000715a26528}: 'void java.lang.invoke.DirectMethodHandle$Holder.invokeSpecial(java.lang.Object, java.lang.Object, java.lang.Object)'> (0x0000000715a26528) 
thrown [s\open\src\hotspot\share\interpreter\linkResolver.cpp, line 804]
Event: 0.782 Thread 0x000001b3a08b4690 Exception <a 'java/io/IOException'{0x0000000715b1e9e8}> (0x0000000715b1e9e8) 
thrown [s\open\src\hotspot\share\prims\jni.cpp, line 516]
Event: 0.809 Thread 0x000001b3fbf2ff60 Exception <a 'java/io/IOException'{0x0000000715847bf0}> (0x0000000715847bf0) 
thrown [s\open\src\hotspot\share\prims\jni.cpp, line 516]
Event: 0.816 Thread 0x000001b3fbf2ff60 Exception <a 'java/lang/NoSuchMethodError'{0x0000000715879f48}: 'java.lang.Object java.lang.invoke.DirectMethodHandle$Holder.newInvokeSpecial(java.lang.Object, java.lang.Object, int, java.lang.Object)'> (0x0000000715879f48) 
thrown [s\open\src\hotspot\share\interpreter\linkResolver.cpp, line 804]
Event: 0.816 Thread 0x000001b3fbf2ff60 Exception <a 'java/lang/NoSuchMethodError'{0x0000000715882ca0}: 'java.lang.Object java.lang.invoke.Invokers$Holder.linkToTargetMethod(java.lang.Object, int, java.lang.Object, java.lang.Object)'> (0x0000000715882ca0) 
thrown [s\open\src\hotspot\share\interpreter\linkResolver.cpp, line 804]
Event: 0.850 Thread 0x000001b3a0abf410 Exception <a 'java/lang/NoSuchMethodError'{0x00000007156c9668}: 'void java.lang.invoke.DirectMethodHandle$Holder.invokeStaticInit(java.lang.Object)'> (0x00000007156c9668) 
thrown [s\open\src\hotspot\share\interpreter\linkResolver.cpp, line 804]
Event: 0.853 Thread 0x000001b3fbf2ff60 Exception <a 'java/lang/NoSuchMethodError'{0x00000007158aab78}: 'java.lang.Object java.lang.invoke.DirectMethodHandle$Holder.newInvokeSpecial(java.lang.Object, java.lang.Object, java.lang.Object, java.lang.Object, java.lang.Object, java.lang.Object)'> (0x00000007158aab78) 
thrown [s\open\src\hotspot\share\interpreter\linkResolver.cpp, line 804]
Event: 0.858 Thread 0x000001b3fbf2ff60 Exception <a 'java/lang/NoSuchMethodError'{0x0000000715577bb0}: 'java.lang.Object java.lang.invoke.DirectMethodHandle$Holder.newInvokeSpecial(java.lang.Object, java.lang.Object, java.lang.Object, java.lang.Object, java.lang.Object)'> (0x0000000715577bb0) 
thrown [s\open\src\hotspot\share\interpreter\linkResolver.cpp, line 804]
Event: 0.888 Thread 0x000001b3a0abf410 Exception <a 'java/lang/NoSuchMethodError'{0x0000000714fd27f8}: 'java.lang.Object java.lang.invoke.DirectMethodHandle$Holder.invokeInterface(java.lang.Object, java.lang.Object)'> (0x0000000714fd27f8) 
thrown [s\open\src\hotspot\share\interpreter\linkResolver.cpp, line 804]
Event: 0.892 Thread 0x000001b3a0abf410 Exception <a 'sun/nio/fs/WindowsException'{0x0000000714c3aed8}> (0x0000000714c3aed8) 
thrown [s\open\src\hotspot\share\prims\jni.cpp, line 516]
Event: 0.915 Thread 0x000001b3a0abf410 Exception <a 'java/lang/NoSuchMethodError'{0x0000000714afe388}: 'java.lang.Object java.lang.invoke.DirectMethodHandle$Holder.invokeStaticInit(java.lang.Object, java.lang.Object, java.lang.Object, java.lang.Object)'> (0x0000000714afe388) 
thrown [s\open\src\hotspot\share\interpreter\linkResolver.cpp, line 804]
Event: 0.916 Thread 0x000001b3a0abf410 Exception <a 'java/lang/NullPointerException'{0x0000000714b1ab48}> (0x0000000714b1ab48) 
thrown [s\open\src\hotspot\share\interpreter\linkResolver.cpp, line 1416]
Event: 0.933 Thread 0x000001b3a0abf410 Exception <a 'java/lang/ClassNotFoundException'{0x00000007149b13f8}: com/sun/glass/ui/win/themes> (0x00000007149b13f8) 
thrown [s\open\src\hotspot\share\prims\jni.cpp, line 534]
Event: 0.933 Thread 0x000001b3a0abf410 Exception <a 'java/lang/ClassNotFoundException'{0x00000007149b9430}: com/sun/glass/ui/win/themes_pt> (0x00000007149b9430) 
thrown [s\open\src\hotspot\share\prims\jni.cpp, line 534]
Event: 0.933 Thread 0x000001b3a0abf410 Exception <a 'java/lang/ClassNotFoundException'{0x00000007149ba0d0}: com/sun/glass/ui/win/themes_pt_BR> (0x00000007149ba0d0) 
thrown [s\open\src\hotspot\share\prims\jni.cpp, line 534]
Event: 0.944 Thread 0x000001b3a0abf410 Exception <a 'java/io/IOException'{0x000000071474b518}> (0x000000071474b518) 
thrown [s\open\src\hotspot\share\prims\jni.cpp, line 516]

VM Operations (8 events):
Event: 0.126 Executing non-safepoint VM operation: HandshakeAllThreads (Deoptimize)
Event: 0.126 Executing non-safepoint VM operation: HandshakeAllThreads (Deoptimize) done
Event: 0.126 Executing non-safepoint VM operation: HandshakeAllThreads (Deoptimize)
Event: 0.126 Executing non-safepoint VM operation: HandshakeAllThreads (Deoptimize) done
Event: 0.808 Executing non-safepoint VM operation: HandshakeAllThreads (Deoptimize)
Event: 0.808 Executing non-safepoint VM operation: HandshakeAllThreads (Deoptimize) done
Event: 0.949 Executing non-safepoint VM operation: HandshakeAllThreads (Deoptimize)
Event: 0.949 Executing non-safepoint VM operation: HandshakeAllThreads (Deoptimize) done

Memory protections (0 events):
No events

Nmethod flushes (0 events):
No events

Events (20 events):
Event: 0.028 Thread 0x000001b3fbf2ff60 Thread added: 0x000001b39b87bff0
Event: 0.028 Thread 0x000001b3fbf2ff60 Thread added: 0x000001b39b87d090
Event: 0.028 Thread 0x000001b3fbf2ff60 Thread added: 0x000001b39b887800
Event: 0.028 Thread 0x000001b3fbf2ff60 Thread added: 0x000001b39b8ab290
Event: 0.028 Thread 0x000001b3fbf2ff60 Thread added: 0x000001b39b8bcee0
Event: 0.028 Thread 0x000001b3fbf2ff60 Thread added: 0x000001b39b8c6430
Event: 0.055 Thread 0x000001b3fbf2ff60 Thread added: 0x000001b39bad7000
Event: 0.082 Thread 0x000001b39b8c6430 Thread added: 0x000001b39bb5fd20
Event: 0.094 Thread 0x000001b39b8c6430 Thread added: 0x000001b39bbe0410
Event: 0.277 Thread 0x000001b39bb5fd20 Thread exited: 0x000001b39bb5fd20
Event: 0.277 Thread 0x000001b39bbe0410 Thread exited: 0x000001b39bbe0410
Event: 0.620 Thread 0x000001b3fbf2ff60 Thread added: 0x000001b3a06e2190
Event: 0.620 Thread 0x000001b3fbf2ff60 Thread added: 0x000001b3a00cad70
Event: 0.658 Thread 0x000001b39b8c6430 Thread added: 0x000001b3a0765db0
Event: 0.661 Thread 0x000001b39b8bcee0 Thread added: 0x000001b3a04190f0
Event: 0.780 Thread 0x000001b3fbf2ff60 Thread added: 0x000001b3a08b4690
Event: 0.814 Thread 0x000001b3fbf2ff60 Thread added: 0x000001b3a0a98760
Event: 0.817 Thread 0x000001b3fbf2ff60 Thread added: 0x000001b3a0abf410
Event: 0.858 Thread 0x000001b3fbf2ff60 Thread added: 0x000001b3a0b82810
Event: 0.869 Thread 0x000001b3a0b0c3c0 Thread added: 0x000001b3a0b0c3c0


Dynamic libraries:
0x00007ff6ee270000 - 0x00007ff6ee27e000 	C:\Users\hrano\.jdks\openjdk-25\bin\java.exe
0x00007ff872620000 - 0x00007ff872888000 	C:\WINDOWS\SYSTEM32\ntdll.dll
0x00007ff870660000 - 0x00007ff870729000 	C:\WINDOWS\System32\KERNEL32.DLL
0x00007ff86fdd0000 - 0x00007ff8701c2000 	C:\WINDOWS\System32\KERNELBASE.dll
0x00007ff86fb10000 - 0x00007ff86fc5b000 	C:\WINDOWS\System32\ucrtbase.dll
0x00007ff864300000 - 0x00007ff86431e000 	C:\Users\hrano\.jdks\openjdk-25\bin\VCRUNTIME140.dll
0x00007ff868ea0000 - 0x00007ff868eb7000 	C:\Users\hrano\.jdks\openjdk-25\bin\jli.dll
0x00007ff870f00000 - 0x00007ff8710c5000 	C:\WINDOWS\System32\USER32.dll
0x00007ff85f4a0000 - 0x00007ff85f733000 	C:\WINDOWS\WinSxS\amd64_microsoft.windows.common-controls_6595b64144ccf1df_6.0.26100.6899_none_3e0efeeae32e88c1\COMCTL32.dll
0x00007ff870290000 - 0x00007ff8702b7000 	C:\WINDOWS\System32\win32u.dll
0x00007ff8703f0000 - 0x00007ff87041b000 	C:\WINDOWS\System32\GDI32.dll
0x00007ff871c30000 - 0x00007ff871cd9000 	C:\WINDOWS\System32\msvcrt.dll
0x00007ff8702c0000 - 0x00007ff8703ed000 	C:\WINDOWS\System32\gdi32full.dll
0x00007ff86fa60000 - 0x00007ff86fb03000 	C:\WINDOWS\System32\msvcp_win.dll
0x00007ff871ce0000 - 0x00007ff871d0f000 	C:\WINDOWS\System32\IMM32.DLL
0x00007ff864b60000 - 0x00007ff864b6c000 	C:\Users\hrano\.jdks\openjdk-25\bin\vcruntime140_1.dll
0x00007ff835750000 - 0x00007ff8357dd000 	C:\Users\hrano\.jdks\openjdk-25\bin\msvcp140.dll
0x00007ff804350000 - 0x00007ff8051af000 	C:\Users\hrano\.jdks\openjdk-25\bin\server\jvm.dll
0x00007ff872520000 - 0x00007ff8725d4000 	C:\WINDOWS\System32\ADVAPI32.dll
0x00007ff870420000 - 0x00007ff8704c6000 	C:\WINDOWS\System32\sechost.dll
0x00007ff870540000 - 0x00007ff870658000 	C:\WINDOWS\System32\RPCRT4.dll
0x00007ff870e80000 - 0x00007ff870ef4000 	C:\WINDOWS\System32\WS2_32.dll
0x00007ff86f610000 - 0x00007ff86f66e000 	C:\WINDOWS\SYSTEM32\POWRPROF.dll
0x00007ff85ce40000 - 0x00007ff85ce75000 	C:\WINDOWS\SYSTEM32\WINMM.dll
0x00007ff866790000 - 0x00007ff86679b000 	C:\WINDOWS\SYSTEM32\VERSION.dll
0x00007ff86f5f0000 - 0x00007ff86f604000 	C:\WINDOWS\SYSTEM32\UMPDC.dll
0x00007ff86e540000 - 0x00007ff86e55b000 	C:\WINDOWS\SYSTEM32\kernel.appcore.dll
0x00007ff864250000 - 0x00007ff86425a000 	C:\Users\hrano\.jdks\openjdk-25\bin\jimage.dll
0x00007ff866e40000 - 0x00007ff867082000 	C:\WINDOWS\SYSTEM32\DBGHELP.DLL
0x00007ff870b00000 - 0x00007ff870e7b000 	C:\WINDOWS\System32\combase.dll
0x00007ff8714a0000 - 0x00007ff871577000 	C:\WINDOWS\System32\OLEAUT32.dll
0x00007ff8643d0000 - 0x00007ff86440c000 	C:\WINDOWS\SYSTEM32\dbgcore.DLL
0x00007ff86f7b0000 - 0x00007ff86f848000 	C:\WINDOWS\System32\bcryptPrimitives.dll
0x00007ff869800000 - 0x00007ff869810000 	C:\Users\hrano\.jdks\openjdk-25\bin\instrument.dll
0x00007ff864230000 - 0x00007ff86424f000 	C:\Users\hrano\.jdks\openjdk-25\bin\java.dll
0x00007ff870730000 - 0x00007ff8708c8000 	C:\WINDOWS\System32\ole32.dll
0x00007ff871d40000 - 0x00007ff87248d000 	C:\WINDOWS\System32\SHELL32.dll
0x00007ff86fc60000 - 0x00007ff86fdcb000 	C:\WINDOWS\System32\wintypes.dll
0x00007ff86d3e0000 - 0x00007ff86dc3d000 	C:\WINDOWS\SYSTEM32\windows.storage.dll
0x00007ff871140000 - 0x00007ff871232000 	C:\WINDOWS\System32\SHCORE.dll
0x00007ff8710d0000 - 0x00007ff871132000 	C:\WINDOWS\System32\shlwapi.dll
0x00007ff86f6d0000 - 0x00007ff86f6f9000 	C:\WINDOWS\SYSTEM32\profapi.dll
0x00007ff864210000 - 0x00007ff864222000 	C:\Users\hrano\.jdks\openjdk-25\bin\net.dll
0x00007ff86ea90000 - 0x00007ff86eafb000 	C:\WINDOWS\system32\mswsock.dll
0x00007ff85cce0000 - 0x00007ff85ccf6000 	C:\Users\hrano\.jdks\openjdk-25\bin\nio.dll
0x00007ff858140000 - 0x00007ff858157000 	C:\Users\hrano\.jdks\openjdk-25\bin\zip.dll
0x000001b39be20000 - 0x000001b39be23000 	C:\Users\hrano\.openjfx\cache\21.0.6+3\amd64\api-ms-win-core-console-l1-1-0.dll
0x000001b39be30000 - 0x000001b39be33000 	C:\Users\hrano\.openjfx\cache\21.0.6+3\amd64\api-ms-win-core-console-l1-2-0.dll
0x000001b39be40000 - 0x000001b39be43000 	C:\Users\hrano\.openjfx\cache\21.0.6+3\amd64\api-ms-win-core-datetime-l1-1-0.dll
0x000001b39be50000 - 0x000001b39be53000 	C:\Users\hrano\.openjfx\cache\21.0.6+3\amd64\api-ms-win-core-debug-l1-1-0.dll
0x000001b39be60000 - 0x000001b39be63000 	C:\Users\hrano\.openjfx\cache\21.0.6+3\amd64\api-ms-win-core-errorhandling-l1-1-0.dll
0x000001b39be70000 - 0x000001b39be74000 	C:\Users\hrano\.openjfx\cache\21.0.6+3\amd64\api-ms-win-core-file-l1-1-0.dll
0x000001b39be80000 - 0x000001b39be83000 	C:\Users\hrano\.openjfx\cache\21.0.6+3\amd64\api-ms-win-core-file-l1-2-0.dll
0x000001b39be90000 - 0x000001b39be93000 	C:\Users\hrano\.openjfx\cache\21.0.6+3\amd64\api-ms-win-core-file-l2-1-0.dll
0x000001b39bea0000 - 0x000001b39bea3000 	C:\Users\hrano\.openjfx\cache\21.0.6+3\amd64\api-ms-win-core-handle-l1-1-0.dll
0x000001b39beb0000 - 0x000001b39beb3000 	C:\Users\hrano\.openjfx\cache\21.0.6+3\amd64\api-ms-win-core-heap-l1-1-0.dll
0x000001b39bec0000 - 0x000001b39bec3000 	C:\Users\hrano\.openjfx\cache\21.0.6+3\amd64\api-ms-win-core-interlocked-l1-1-0.dll
0x000001b39bed0000 - 0x000001b39bed3000 	C:\Users\hrano\.openjfx\cache\21.0.6+3\amd64\api-ms-win-core-libraryloader-l1-1-0.dll
0x000001b39bee0000 - 0x000001b39bee3000 	C:\Users\hrano\.openjfx\cache\21.0.6+3\amd64\api-ms-win-core-localization-l1-2-0.dll
0x000001b39bef0000 - 0x000001b39bef3000 	C:\Users\hrano\.openjfx\cache\21.0.6+3\amd64\api-ms-win-core-memory-l1-1-0.dll
0x000001b39bf00000 - 0x000001b39bf03000 	C:\Users\hrano\.openjfx\cache\21.0.6+3\amd64\api-ms-win-core-namedpipe-l1-1-0.dll
0x000001b39bf10000 - 0x000001b39bf13000 	C:\Users\hrano\.openjfx\cache\21.0.6+3\amd64\api-ms-win-core-processenvironment-l1-1-0.dll
0x000001b39bf20000 - 0x000001b39bf23000 	C:\Users\hrano\.openjfx\cache\21.0.6+3\amd64\api-ms-win-core-processthreads-l1-1-0.dll
0x000001b39bf30000 - 0x000001b39bf33000 	C:\Users\hrano\.openjfx\cache\21.0.6+3\amd64\api-ms-win-core-processthreads-l1-1-1.dll
0x000001b39bf40000 - 0x000001b39bf43000 	C:\Users\hrano\.openjfx\cache\21.0.6+3\amd64\api-ms-win-core-profile-l1-1-0.dll
0x000001b39bf50000 - 0x000001b39bf53000 	C:\Users\hrano\.openjfx\cache\21.0.6+3\amd64\api-ms-win-core-rtlsupport-l1-1-0.dll
0x000001b39bf60000 - 0x000001b39bf63000 	C:\Users\hrano\.openjfx\cache\21.0.6+3\amd64\api-ms-win-core-string-l1-1-0.dll
0x000001b39bf70000 - 0x000001b39bf73000 	C:\Users\hrano\.openjfx\cache\21.0.6+3\amd64\api-ms-win-core-synch-l1-1-0.dll
0x000001b39bf80000 - 0x000001b39bf83000 	C:\Users\hrano\.openjfx\cache\21.0.6+3\amd64\api-ms-win-core-synch-l1-2-0.dll
0x000001b39bf90000 - 0x000001b39bf93000 	C:\Users\hrano\.openjfx\cache\21.0.6+3\amd64\api-ms-win-core-sysinfo-l1-1-0.dll
0x000001b39bfa0000 - 0x000001b39bfa3000 	C:\Users\hrano\.openjfx\cache\21.0.6+3\amd64\api-ms-win-core-timezone-l1-1-0.dll
0x000001b39bfb0000 - 0x000001b39bfb3000 	C:\Users\hrano\.openjfx\cache\21.0.6+3\amd64\api-ms-win-core-util-l1-1-0.dll
0x000001b39bfc0000 - 0x000001b39bfc3000 	C:\Users\hrano\.openjfx\cache\21.0.6+3\amd64\api-ms-win-crt-conio-l1-1-0.dll
0x000001b39bfd0000 - 0x000001b39bfd4000 	C:\Users\hrano\.openjfx\cache\21.0.6+3\amd64\api-ms-win-crt-convert-l1-1-0.dll
0x000001b39bfe0000 - 0x000001b39bfe3000 	C:\Users\hrano\.openjfx\cache\21.0.6+3\amd64\api-ms-win-crt-environment-l1-1-0.dll
0x000001b39bff0000 - 0x000001b39bff3000 	C:\Users\hrano\.openjfx\cache\21.0.6+3\amd64\api-ms-win-crt-filesystem-l1-1-0.dll
0x000001b3a17d0000 - 0x000001b3a17d3000 	C:\Users\hrano\.openjfx\cache\21.0.6+3\amd64\api-ms-win-crt-heap-l1-1-0.dll
0x000001b3a17e0000 - 0x000001b3a17e3000 	C:\Users\hrano\.openjfx\cache\21.0.6+3\amd64\api-ms-win-crt-locale-l1-1-0.dll
0x000001b3a17f0000 - 0x000001b3a17f5000 	C:\Users\hrano\.openjfx\cache\21.0.6+3\amd64\api-ms-win-crt-math-l1-1-0.dll
0x000001b3a1800000 - 0x000001b3a1805000 	C:\Users\hrano\.openjfx\cache\21.0.6+3\amd64\api-ms-win-crt-multibyte-l1-1-0.dll
0x000001b3a1810000 - 0x000001b3a1820000 	C:\Users\hrano\.openjfx\cache\21.0.6+3\amd64\api-ms-win-crt-private-l1-1-0.dll
0x000001b3a1820000 - 0x000001b3a1823000 	C:\Users\hrano\.openjfx\cache\21.0.6+3\amd64\api-ms-win-crt-process-l1-1-0.dll
0x000001b3a1830000 - 0x000001b3a1834000 	C:\Users\hrano\.openjfx\cache\21.0.6+3\amd64\api-ms-win-crt-runtime-l1-1-0.dll
0x000001b3a1840000 - 0x000001b3a1844000 	C:\Users\hrano\.openjfx\cache\21.0.6+3\amd64\api-ms-win-crt-stdio-l1-1-0.dll
0x000001b3a1850000 - 0x000001b3a1854000 	C:\Users\hrano\.openjfx\cache\21.0.6+3\amd64\api-ms-win-crt-string-l1-1-0.dll
0x000001b3a1860000 - 0x000001b3a1863000 	C:\Users\hrano\.openjfx\cache\21.0.6+3\amd64\api-ms-win-crt-time-l1-1-0.dll
0x000001b3a1870000 - 0x000001b3a1873000 	C:\Users\hrano\.openjfx\cache\21.0.6+3\amd64\api-ms-win-crt-utility-l1-1-0.dll
0x00007ff850e80000 - 0x00007ff850f7c000 	C:\Users\hrano\.openjfx\cache\21.0.6+3\amd64\ucrtbase.dll
0x00007ff851ec0000 - 0x00007ff851edb000 	C:\Users\hrano\.openjfx\cache\21.0.6+3\amd64\vcruntime140.dll
0x00007ff851eb0000 - 0x00007ff851ebc000 	C:\Users\hrano\.openjfx\cache\21.0.6+3\amd64\vcruntime140_1.dll
0x00007ff84ffa0000 - 0x00007ff85002e000 	C:\Users\hrano\.openjfx\cache\21.0.6+3\amd64\msvcp140.dll
0x00007ff851ea0000 - 0x00007ff851ea9000 	C:\Users\hrano\.openjfx\cache\21.0.6+3\amd64\msvcp140_1.dll
0x00007ff850d90000 - 0x00007ff850dd1000 	C:\Users\hrano\.openjfx\cache\21.0.6+3\amd64\msvcp140_2.dll
0x00007ff850e50000 - 0x00007ff850e80000 	C:\Users\hrano\.openjfx\cache\21.0.6+3\amd64\prism_d3d.dll
0x00007ff840260000 - 0x00007ff840410000 	C:\WINDOWS\system32\d3d9.dll
0x00007ff86cf60000 - 0x00007ff86cf8d000 	C:\WINDOWS\SYSTEM32\dwmapi.dll
0x00007ff86cdb0000 - 0x00007ff86cdf4000 	C:\WINDOWS\SYSTEM32\dxcore.dll
0x00007ff86ccd0000 - 0x00007ff86cd7a000 	C:\WINDOWS\system32\uxtheme.dll
0x00007ff85cea0000 - 0x00007ff85d05b000 	C:\WINDOWS\System32\DriverStore\FileRepository\u0417877.inf_amd64_8b2c2b61b3f8a9e5\B417004\aticfx64.dll
0x00007ff861150000 - 0x00007ff861184000 	C:\WINDOWS\System32\DriverStore\FileRepository\u0417877.inf_amd64_8b2c2b61b3f8a9e5\B417004\atiu9p64.dll
0x00007ff81cc00000 - 0x00007ff81d947000 	C:\WINDOWS\System32\DriverStore\FileRepository\u0417877.inf_amd64_8b2c2b61b3f8a9e5\B417004\atiumd64.dll
0x000000005e630000 - 0x000000005f543000 	C:\WINDOWS\System32\DriverStore\FileRepository\u0417877.inf_amd64_8b2c2b61b3f8a9e5\B417004\atiumd6a.dll
0x00007ff871580000 - 0x00007ff871a08000 	C:\WINDOWS\System32\SETUPAPI.dll
0x00007ff85cc20000 - 0x00007ff85cc55000 	C:\WINDOWS\SYSTEM32\amdihk64.dll
0x00007ff85e0c0000 - 0x00007ff85e123000 	C:\WINDOWS\SYSTEM32\directxdatabasehelper.dll
0x00007ff84ff50000 - 0x00007ff84ff92000 	C:\Users\hrano\.openjfx\cache\21.0.6+3\amd64\glass.dll
0x00007ff871b30000 - 0x00007ff871c23000 	C:\WINDOWS\System32\COMDLG32.dll
0x00007ff8708e0000 - 0x00007ff870a3b000 	C:\WINDOWS\System32\MSCTF.dll
0x00007ff8518f0000 - 0x00007ff851905000 	C:\Users\hrano\.openjfx\cache\21.0.6+3\amd64\javafx_font.dll

JVMTI agents:
D:\Program Files\JetBrains\IntelliJ IDEA Community Edition 2025.2.4\lib\idea_rt.jar path:C:\Users\hrano\.jdks\openjdk-25\bin\instrument.dll, loaded, initialized, instrumentlib options:51800

dbghelp: loaded successfully - version: 4.0.5 - missing functions: none
symbol engine: initialized successfully - sym options: 0x614 - pdb path: .;C:\Users\hrano\.jdks\openjdk-25\bin;C:\WINDOWS\SYSTEM32;C:\WINDOWS\WinSxS\amd64_microsoft.windows.common-controls_6595b64144ccf1df_6.0.26100.6899_none_3e0efeeae32e88c1;C:\Users\hrano\.jdks\openjdk-25\bin\server;C:\Users\hrano\.openjfx\cache\21.0.6+3\amd64;C:\WINDOWS\System32\DriverStore\FileRepository\u0417877.inf_amd64_8b2c2b61b3f8a9e5\B417004

VM Arguments:
jvm_args: -javaagent:D:\Program Files\JetBrains\IntelliJ IDEA Community Edition 2025.2.4\lib\idea_rt.jar=51800 -Dfile.encoding=UTF-8 -Dsun.stdout.encoding=UTF-8 -Dsun.stderr.encoding=UTF-8 --module-path=C:\Users\hrano\.m2\repository\org\openjfx\javafx-base\21.0.6\javafx-base-21.0.6-win.jar;C:\Users\hrano\.m2\repository\org\openjfx\javafx-fxml\21.0.6\javafx-fxml-21.0.6-win.jar;C:\Users\hrano\.m2\repository\org\openjfx\javafx-graphics\21.0.6\javafx-graphics-21.0.6-win.jar;C:\Users\hrano\.m2\repository\org\openjfx\javafx-controls\21.0.6\javafx-controls-21.0.6-win.jar;C:\Users\hrano\OneDrive\Área de Trabalho\vscode\Java\SistemaCreche\target\classes;C:\Users\hrano\.m2\repository\jakarta\persistence\jakarta.persistence-api\3.1.0\jakarta.persistence-api-3.1.0.jar -Djdk.module.main=com.salo.sistemacreche 
java_command: com.salo.sistemacreche/com.salo.sistemacreche.MainApp
java_class_path (initial): C:\Users\hrano\.m2\repository\org\openjfx\javafx-controls\21.0.6\javafx-controls-21.0.6.jar;C:\Users\hrano\.m2\repository\org\openjfx\javafx-graphics\21.0.6\javafx-graphics-21.0.6.jar;C:\Users\hrano\.m2\repository\org\openjfx\javafx-base\21.0.6\javafx-base-21.0.6.jar;C:\Users\hrano\.m2\repository\org\openjfx\javafx-fxml\21.0.6\javafx-fxml-21.0.6.jar;C:\Users\hrano\.m2\repository\org\hibernate\orm\hibernate-core\6.4.4.Final\hibernate-core-6.4.4.Final.jar;C:\Users\hrano\.m2\repository\jakarta\transaction\jakarta.transaction-api\2.0.1\jakarta.transaction-api-2.0.1.jar;C:\Users\hrano\.m2\repository\org\jboss\logging\jboss-logging\3.5.0.Final\jboss-logging-3.5.0.Final.jar;C:\Users\hrano\.m2\repository\org\hibernate\common\hibernate-commons-annotations\6.0.6.Final\hibernate-commons-annotations-6.0.6.Final.jar;C:\Users\hrano\.m2\repository\io\smallrye\jandex\3.1.2\jandex-3.1.2.jar;C:\Users\hrano\.m2\repository\com\fasterxml\classmate\1.5.1\classmate-1.5.1.jar;C:\Users\hrano\.m2\repository\net\bytebuddy\byte-buddy\1.14.11\byte-buddy-1.14.11.jar;C:\Users\hrano\.m2\repository\jakarta\xml\bind\jakarta.xml.bind-api\4.0.0\jakarta.xml.bind-api-4.0.0.jar;C:\Users\hrano\.m2\repository\jakarta\activation\jakarta.activation-api\2.1.0\jakarta.activation-api-2.1.0.jar;C:\Users\hrano\.m2\repository\org\glassfish\jaxb\jaxb-runtime\4.0.2\jaxb-runtime-4.0.2.jar;C:\Users\hrano\.m2\repository\org\glassfish\jaxb\jaxb-core\4.0.2\jaxb-core-4.0.2.jar;C:\Users\hrano\.m2\repository\org\eclipse\angus\angus-activation\2.0.0\angus-activation-2.0.0.jar;C:\Users\hrano\.m2\repository\org\glassfish\jaxb\txw2\4.0.2\txw2-4.0.2.jar;C:\Users\hrano\.m2\repository\com\sun\istack\istack-commons-runtime\4.1.1\istack-commons-runtime-4.1.1.jar;C:\Users\hrano\.m2\repository\jakarta\inject\jakarta.inject-api\2.0.1\jakarta.inject-api-2.0.1.jar;C:\Users\hrano\.m2\repository\org\antlr\antlr4-runtime\4.13.0\antlr4-runtime-4.13.0.jar;C:\Users\hrano\.m2\repository\com\mysql\mysql-connector-j\8.0.33\mysql-connector-j-8.0.33.jar;C:\Users\hrano\.m2\repository\com\google\protobuf\protobuf-java\3.21.9\protobuf-java-3.21.9.jar
Launcher Type: SUN_STANDARD

[Global flags]
     intx CICompilerCount                          = 4                                         {product} {ergonomic}
     uint ConcGCThreads                            = 3                                         {product} {ergonomic}
     uint G1ConcRefinementThreads                  = 10                                        {product} {ergonomic}
   size_t G1HeapRegionSize                         = 2097152                                   {product} {ergonomic}
   size_t InitialHeapSize                          = 262144000                                 {product} {ergonomic}
   size_t MarkStackSize                            = 4194304                                   {product} {ergonomic}
   size_t MarkStackSizeMax                         = 536870912                                 {product} {ergonomic}
   size_t MaxHeapSize                              = 4173332480                                {product} {ergonomic}
   size_t MaxNewSize                               = 2503999488                                {product} {ergonomic}
   size_t MinHeapDeltaBytes                        = 2097152                                   {product} {ergonomic}
   size_t MinHeapSize                              = 8388608                                   {product} {ergonomic}
    uintx NonNMethodCodeHeapSize                   = 5832704                                {pd product} {ergonomic}
    uintx NonProfiledCodeHeapSize                  = 122945536                              {pd product} {ergonomic}
    uintx ProfiledCodeHeapSize                     = 122880000                              {pd product} {ergonomic}
    uintx ReservedCodeCacheSize                    = 251658240                              {pd product} {ergonomic}
     bool SegmentedCodeCache                       = true                                      {product} {ergonomic}
   size_t SoftMaxHeapSize                          = 4173332480                             {manageable} {ergonomic}
     bool UseCompressedOops                        = true                           {product lp64_product} {ergonomic}
     bool UseG1GC                                  = true                                      {product} {ergonomic}
     bool UseLargePagesIndividualAllocation        = false                                  {pd product} {ergonomic}

Logging:
Log output configuration:
 #0: stdout all=warning uptime,level,tags foldmultilines=false
 #1: stderr all=off uptime,level,tags foldmultilines=false

Release file:
IMPLEMENTOR="Oracle Corporation" 
JAVA_RUNTIME_VERSION="25+36-3489" 
JAVA_VERSION="25" 
JAVA_VERSION_DATE="2025-09-16" 
LIBC="default" 
MODULES="java.base java.compiler java.datatransfer java.xml java.prefs java.desktop java.instrument java.logging java.management java.security.sasl java.naming java.rmi java.management.rmi java.net.http java.scripting java.security.jgss java.transaction.xa java.sql java.sql.rowset java.xml.crypto java.se java.smartcardio jdk.accessibility jdk.internal.jvmstat jdk.attach jdk.charsets jdk.internal.opt jdk.zipfs jdk.compiler jdk.crypto.cryptoki jdk.crypto.ec jdk.crypto.mscapi jdk.dynalink jdk.internal.ed jdk.editpad jdk.internal.vm.ci jdk.graal.compiler jdk.graal.compiler.management jdk.hotspot.agent jdk.httpserver jdk.incubator.vector jdk.internal.le jdk.internal.md jdk.jartool jdk.javadoc jdk.jcmd jdk.management jdk.management.agent jdk.jconsole jdk.jdeps jdk.jdwp.agent jdk.jdi jdk.jfr jdk.jlink jdk.jpackage jdk.jshell jdk.jsobject jdk.jstatd jdk.localedata jdk.management.jfr jdk.naming.dns jdk.naming.rmi jdk.net jdk.nio.mapmode jdk.sctp jdk.security.auth jdk.security.jgss jdk.unsupported jdk.unsupported.desktop jdk.xml.dom" 
OS_ARCH="x86_64" 
OS_NAME="Windows" 
SOURCE=".:git:6c48f4ed707b" 

Environment Variables:
JAVA_HOME=C:\Users\hrano\.jdks\openjdk-25
PATH=C:\Program Files\Common Files\Oracle\Java\javapath;C:\Program Files (x86)\Common Files\Oracle\Java\java8path;C:\Program Files (x86)\Common Files\Oracle\Java\javapath;C:\WINDOWS\system32;C:\WINDOWS;C:\WINDOWS\System32\Wbem;C:\WINDOWS\System32\WindowsPowerShell\v1.0\;C:\WINDOWS\System32\OpenSSH\;C:\Program Files\dotnet\;C:\Program Files\nodejs\;C:\Program Files\Git\cmd;C:\Gradle\gradle-7.6.3\bin;C:\Android\Sdk\build-tools;C:\Android\Sdk\platform-tools;C:\Users\hrano\.jdks\openjdk-25\bin;C:\flutter\bin;C:\Android\Sdk\cmdline-tools\latest\bin;C:\Program Files\apache-maven-3.9.11\bin;D:\Users\hrano\AppData\Local\Programs\Python\Python313\Scripts\;D:\Users\hrano\AppData\Local\Programs\Python\Python313\;C:\Users\hrano\AppData\Local\Microsoft\WindowsApps;D:\Users\hrano\AppData\Local\Programs\Microsoft VS Code\bin;C:\Users\hrano\AppData\Roaming\Microsoft\Windows\Start Menu\Programs\Python 3.13;C:\ProgramData\Microsoft\Windows\Start Menu\Programs\Node.js;C:\Users\hrano\AppData\Local\Microsoft\WinGet\Links;C:\Users\hrano\AppData\Roaming\npm;C:\Users\hrano\AppData\Local\GitHubDesktop\bin;D:\Program Files\JetBrains\IntelliJ IDEA Community Edition 2025.2.4\bin
USERNAME=Mathias
OS=Windows_NT
PROCESSOR_IDENTIFIER=AMD64 Family 25 Model 80 Stepping 0, AuthenticAMD
TMP=C:\Users\hrano\AppData\Local\Temp
TEMP=C:\Users\hrano\AppData\Local\Temp




Compilation memory statistics disabled.

Periodic native trim disabled

---------------  S Y S T E M  ---------------

OS:
 Windows 11 , 64 bit Build 26100 (10.0.26100.6725)
OS uptime: 1 days 0:52 hours
Hyper-V role detected

CPU: total 12 (initial active 12) (12 cores per cpu, 2 threads per core) family 25 model 80 stepping 0 microcode 0xa50000d, cx8, cmov, fxsr, ht, mmx, 3dnowpref, sse, sse2, sse3, ssse3, sse4a, sse4.1, sse4.2, popcnt, lzcnt, tsc, tscinvbit, avx, avx2, aes, erms, clmul, bmi1, bmi2, adx, sha, fma, vzeroupper, clflush, clflushopt, clwb, hv, rdtscp, rdpid, fsrm, f16c, cet_ss
Processor Information for the first 12 processors :
  Max Mhz: 3901, Current Mhz: 3901, Mhz Limit: 3901

Memory: 4k page, system-wide physical 15919M (2475M free)
TotalPageFile size 17967M (AvailPageFile size 14M)
current process WorkingSet (physical memory assigned to process): 135M, peak: 136M
current process commit charge ("private bytes"): 397M, peak: 404M

vm_info: OpenJDK 64-Bit Server VM (25+36-3489) for windows-amd64 JRE (25+36-3489), built on 2025-08-12T17:19:28Z with unknown MS VC++:1943

END.
